  [1m[35m (97.3ms)[0m  [1m[35mCREATE TABLE "schema_migrations" ("version" varchar NOT NULL PRIMARY KEY)[0m
  [1m[35m (94.8ms)[0m  [1m[35mCREATE TABLE "ar_internal_metadata" ("key" varchar NOT NULL PRIMARY KEY, "value" varchar, "created_at" datetime(6) NOT NULL, "updated_at" datetime(6) NOT NULL)[0m
  [1m[36mActiveRecord::SchemaMigration Pluck (0.5ms)[0m  [1m[34mSELECT "schema_migrations"."version" FROM "schema_migrations" ORDER BY "schema_migrations"."version" ASC[0m
Migrating to CreateUsers (20230323024629)
  [1m[36mTRANSACTION (0.2ms)[0m  [1m[36mbegin transaction[0m
  [1m[35m (0.8ms)[0m  [1m[35mCREATE TABLE "users" ("id" integer PRIMARY KEY AUTOINCREMENT NOT NULL, "username" varchar, "password_digest" varchar, "email" varchar, "created_at" datetime(6) NOT NULL, "updated_at" datetime(6) NOT NULL)[0m
  [1m[36mActiveRecord::SchemaMigration Create (0.3ms)[0m  [1m[32mINSERT INTO "schema_migrations" ("version") VALUES (?)[0m  [["version", "20230323024629"]]
  [1m[36mTRANSACTION (116.5ms)[0m  [1m[36mcommit transaction[0m
  [1m[36mActiveRecord::InternalMetadata Load (0.3ms)[0m  [1m[34mSELECT "ar_internal_metadata".* FROM "ar_internal_metadata" WHERE "ar_internal_metadata"."key" = ? LIMIT ?[0m  [["key", "environment"], ["LIMIT", 1]]
  [1m[36mTRANSACTION (0.1ms)[0m  [1m[36mbegin transaction[0m
  [1m[36mActiveRecord::InternalMetadata Create (0.3ms)[0m  [1m[32mINSERT INTO "ar_internal_metadata" ("key", "value", "created_at", "updated_at") VALUES (?, ?, ?, ?)[0m  [["key", "environment"], ["value", "development"], ["created_at", "2023-03-23 02:54:30.091986"], ["updated_at", "2023-03-23 02:54:30.091986"]]
  [1m[36mTRANSACTION (79.1ms)[0m  [1m[36mcommit transaction[0m
  [1m[36mActiveRecord::SchemaMigration Pluck (0.1ms)[0m  [1m[34mSELECT "schema_migrations"."version" FROM "schema_migrations" ORDER BY "schema_migrations"."version" ASC[0m
Started POST "/signup" for ::1 at 2023-03-23 06:16:23 +0300
  [1m[36mActiveRecord::SchemaMigration Pluck (0.2ms)[0m  [1m[34mSELECT "schema_migrations"."version" FROM "schema_migrations" ORDER BY "schema_migrations"."version" ASC[0m
Processing by UsersController#create as */*
  Parameters: {"username"=>"millo", "email"=>"mil@ymail.com", "password"=>"[FILTERED]", "password_confirmation"=>"[FILTERED]", "user"=>{"username"=>"millo", "email"=>"mil@ymail.com"}}
[31mUnpermitted parameter: :user. Context: { controller: UsersController, action: create, request: #<ActionDispatch::Request:0x00007fa080b32590>, params: {"username"=>"millo", "email"=>"mil@ymail.com", "password"=>"[FILTERED]", "password_confirmation"=>"[FILTERED]", "controller"=>"users", "action"=>"create", "user"=>{"username"=>"millo", "email"=>"mil@ymail.com"}} }[0m
  [1m[36mTRANSACTION (0.1ms)[0m  [1m[36mbegin transaction[0m
  ↳ app/controllers/users_controller.rb:7:in `create'
  [1m[36mUser Create (0.5ms)[0m  [1m[32mINSERT INTO "users" ("username", "password_digest", "email", "created_at", "updated_at") VALUES (?, ?, ?, ?, ?)[0m  [["username", "millo"], ["password_digest", "[FILTERED]"], ["email", "mil@ymail.com"], ["created_at", "2023-03-23 03:16:23.850716"], ["updated_at", "2023-03-23 03:16:23.850716"]]
  ↳ app/controllers/users_controller.rb:7:in `create'
  [1m[36mTRANSACTION (83.3ms)[0m  [1m[36mcommit transaction[0m
  ↳ app/controllers/users_controller.rb:7:in `create'
Completed 500 Internal Server Error in 528ms (ActiveRecord: 84.7ms | Allocations: 39183)


  
ActionDispatch::Request::Session::DisabledSessionError (Your application has sessions disabled. To write to the session you must first configure a session store):
  
app/controllers/users_controller.rb:8:in `create'
Started POST "/signup" for ::1 at 2023-03-23 06:18:31 +0300
Processing by UsersController#create as */*
  Parameters: {"username"=>"millo", "email"=>"mil@ymail.com", "password"=>"[FILTERED]", "password_confirmation"=>"[FILTERED]", "user"=>{"username"=>"millo", "email"=>"mil@ymail.com"}}
[31mUnpermitted parameter: :user. Context: { controller: UsersController, action: create, request: #<ActionDispatch::Request:0x00007fa07c0468d8>, params: {"username"=>"millo", "email"=>"mil@ymail.com", "password"=>"[FILTERED]", "password_confirmation"=>"[FILTERED]", "controller"=>"users", "action"=>"create", "user"=>{"username"=>"millo", "email"=>"mil@ymail.com"}} }[0m
  [1m[36mTRANSACTION (0.1ms)[0m  [1m[36mbegin transaction[0m
  ↳ app/controllers/users_controller.rb:7:in `create'
  [1m[36mUser Create (0.3ms)[0m  [1m[32mINSERT INTO "users" ("username", "password_digest", "email", "created_at", "updated_at") VALUES (?, ?, ?, ?, ?)[0m  [["username", "millo"], ["password_digest", "[FILTERED]"], ["email", "mil@ymail.com"], ["created_at", "2023-03-23 03:18:31.919764"], ["updated_at", "2023-03-23 03:18:31.919764"]]
  ↳ app/controllers/users_controller.rb:7:in `create'
  [1m[36mTRANSACTION (80.8ms)[0m  [1m[36mcommit transaction[0m
  ↳ app/controllers/users_controller.rb:7:in `create'
Completed 500 Internal Server Error in 395ms (ActiveRecord: 82.2ms | Allocations: 3266)


  
ActionDispatch::Request::Session::DisabledSessionError (Your application has sessions disabled. To write to the session you must first configure a session store):
  
app/controllers/users_controller.rb:8:in `create'
Started POST "/signup" for ::1 at 2023-03-23 06:19:58 +0300
  [1m[36mActiveRecord::SchemaMigration Pluck (0.2ms)[0m  [1m[34mSELECT "schema_migrations"."version" FROM "schema_migrations" ORDER BY "schema_migrations"."version" ASC[0m
Processing by UsersController#create as */*
  Parameters: {"username"=>"millo", "email"=>"mil@ymail.com", "password"=>"[FILTERED]", "password_confirmation"=>"[FILTERED]", "user"=>{"username"=>"millo", "email"=>"mil@ymail.com"}}
[31mUnpermitted parameter: :user. Context: { controller: UsersController, action: create, request: #<ActionDispatch::Request:0x00007f63d0b95718>, params: {"username"=>"millo", "email"=>"mil@ymail.com", "password"=>"[FILTERED]", "password_confirmation"=>"[FILTERED]", "controller"=>"users", "action"=>"create", "user"=>{"username"=>"millo", "email"=>"mil@ymail.com"}} }[0m
  [1m[36mTRANSACTION (0.1ms)[0m  [1m[36mbegin transaction[0m
  ↳ app/controllers/users_controller.rb:7:in `create'
  [1m[36mUser Create (0.4ms)[0m  [1m[32mINSERT INTO "users" ("username", "password_digest", "email", "created_at", "updated_at") VALUES (?, ?, ?, ?, ?)[0m  [["username", "millo"], ["password_digest", "[FILTERED]"], ["email", "mil@ymail.com"], ["created_at", "2023-03-23 03:19:59.115817"], ["updated_at", "2023-03-23 03:19:59.115817"]]
  ↳ app/controllers/users_controller.rb:7:in `create'
  [1m[36mTRANSACTION (79.9ms)[0m  [1m[36mcommit transaction[0m
  ↳ app/controllers/users_controller.rb:7:in `create'
[active_model_serializers] Rendered ActiveModel::Serializer::Null with User (0.47ms)
Completed 200 OK in 468ms (Views: 20.7ms | ActiveRecord: 81.2ms | Allocations: 39161)


Started POST "/signup" for ::1 at 2023-03-23 06:24:53 +0300
Processing by UsersController#create as */*
  Parameters: {"username"=>"millo", "email"=>"mil@ymail.com", "password"=>"[FILTERED]", "password_confirmation"=>"[FILTERED]", "user"=>{"username"=>"millo", "email"=>"mil@ymail.com"}}
[31mUnpermitted parameter: :user. Context: { controller: UsersController, action: create, request: #<ActionDispatch::Request:0x00007f63c4537620>, params: {"username"=>"millo", "email"=>"mil@ymail.com", "password"=>"[FILTERED]", "password_confirmation"=>"[FILTERED]", "controller"=>"users", "action"=>"create", "user"=>{"username"=>"millo", "email"=>"mil@ymail.com"}} }[0m
  [1m[36mTRANSACTION (0.1ms)[0m  [1m[36mbegin transaction[0m
  ↳ app/controllers/users_controller.rb:7:in `create'
  [1m[36mUser Exists? (0.2ms)[0m  [1m[34mSELECT 1 AS one FROM "users" WHERE "users"."username" = ? LIMIT ?[0m  [["username", "millo"], ["LIMIT", 1]]
  ↳ app/controllers/users_controller.rb:7:in `create'
  [1m[36mUser Exists? (0.2ms)[0m  [1m[34mSELECT 1 AS one FROM "users" WHERE "users"."email" = ? LIMIT ?[0m  [["email", "mil@ymail.com"], ["LIMIT", 1]]
  ↳ app/controllers/users_controller.rb:7:in `create'
  [1m[36mTRANSACTION (0.1ms)[0m  [1m[31mrollback transaction[0m
  ↳ app/controllers/users_controller.rb:7:in `create'
[active_model_serializers] Rendered ActiveModel::Serializer::Null with Hash (0.36ms)
Completed 422 Unprocessable Entity in 373ms (Views: 1.0ms | ActiveRecord: 1.8ms | Allocations: 9827)


Started POST "/signup" for ::1 at 2023-03-23 06:25:27 +0300
Processing by UsersController#create as */*
  Parameters: {"username"=>"", "email"=>"mil@ymail.com", "password"=>"[FILTERED]", "password_confirmation"=>"[FILTERED]", "user"=>{"username"=>"", "email"=>"mil@ymail.com"}}
[31mUnpermitted parameter: :user. Context: { controller: UsersController, action: create, request: #<ActionDispatch::Request:0x00007f63d0d52bf0>, params: {"username"=>"", "email"=>"mil@ymail.com", "password"=>"[FILTERED]", "password_confirmation"=>"[FILTERED]", "controller"=>"users", "action"=>"create", "user"=>{"username"=>"", "email"=>"mil@ymail.com"}} }[0m
  [1m[36mTRANSACTION (0.1ms)[0m  [1m[36mbegin transaction[0m
  ↳ app/controllers/users_controller.rb:7:in `create'
  [1m[36mUser Exists? (0.2ms)[0m  [1m[34mSELECT 1 AS one FROM "users" WHERE "users"."username" = ? LIMIT ?[0m  [["username", ""], ["LIMIT", 1]]
  ↳ app/controllers/users_controller.rb:7:in `create'
  [1m[36mUser Exists? (0.1ms)[0m  [1m[34mSELECT 1 AS one FROM "users" WHERE "users"."email" = ? LIMIT ?[0m  [["email", "mil@ymail.com"], ["LIMIT", 1]]
  ↳ app/controllers/users_controller.rb:7:in `create'
  [1m[36mTRANSACTION (0.1ms)[0m  [1m[31mrollback transaction[0m
  ↳ app/controllers/users_controller.rb:7:in `create'
[active_model_serializers] Rendered ActiveModel::Serializer::Null with Hash (0.13ms)
Completed 422 Unprocessable Entity in 308ms (Views: 0.7ms | ActiveRecord: 0.4ms | Allocations: 5416)


Started POST "/signup" for ::1 at 2023-03-23 06:26:04 +0300
Processing by UsersController#create as */*
  Parameters: {"username"=>"milloy", "email"=>"milo@ymail.com", "password"=>"[FILTERED]", "password_confirmation"=>"[FILTERED]", "user"=>{"username"=>"milloy", "email"=>"milo@ymail.com"}}
[31mUnpermitted parameter: :user. Context: { controller: UsersController, action: create, request: #<ActionDispatch::Request:0x00007f63c0009648>, params: {"username"=>"milloy", "email"=>"milo@ymail.com", "password"=>"[FILTERED]", "password_confirmation"=>"[FILTERED]", "controller"=>"users", "action"=>"create", "user"=>{"username"=>"milloy", "email"=>"milo@ymail.com"}} }[0m
  [1m[36mTRANSACTION (0.1ms)[0m  [1m[36mbegin transaction[0m
  ↳ app/controllers/users_controller.rb:7:in `create'
  [1m[36mUser Exists? (0.2ms)[0m  [1m[34mSELECT 1 AS one FROM "users" WHERE "users"."username" = ? LIMIT ?[0m  [["username", "milloy"], ["LIMIT", 1]]
  ↳ app/controllers/users_controller.rb:7:in `create'
  [1m[36mUser Exists? (0.1ms)[0m  [1m[34mSELECT 1 AS one FROM "users" WHERE "users"."email" = ? LIMIT ?[0m  [["email", "milo@ymail.com"], ["LIMIT", 1]]
  ↳ app/controllers/users_controller.rb:7:in `create'
  [1m[36mTRANSACTION (0.1ms)[0m  [1m[31mrollback transaction[0m
  ↳ app/controllers/users_controller.rb:7:in `create'
[active_model_serializers] Rendered ActiveModel::Serializer::Null with Hash (0.07ms)
Completed 422 Unprocessable Entity in 305ms (Views: 0.5ms | ActiveRecord: 0.4ms | Allocations: 3871)


Started POST "/signup" for ::1 at 2023-03-23 06:27:19 +0300
Processing by UsersController#create as */*
  Parameters: {"username"=>"milloy", "email"=>"milo@ymail.com", "password"=>"[FILTERED]", "password_confirmation"=>"[FILTERED]", "user"=>{"username"=>"milloy", "email"=>"milo@ymail.com"}}
[31mUnpermitted parameter: :user. Context: { controller: UsersController, action: create, request: #<ActionDispatch::Request:0x00007f63c8014748>, params: {"username"=>"milloy", "email"=>"milo@ymail.com", "password"=>"[FILTERED]", "password_confirmation"=>"[FILTERED]", "controller"=>"users", "action"=>"create", "user"=>{"username"=>"milloy", "email"=>"milo@ymail.com"}} }[0m
  [1m[36mTRANSACTION (0.1ms)[0m  [1m[36mbegin transaction[0m
  ↳ app/controllers/users_controller.rb:7:in `create'
  [1m[36mUser Exists? (0.2ms)[0m  [1m[34mSELECT 1 AS one FROM "users" WHERE "users"."username" = ? LIMIT ?[0m  [["username", "milloy"], ["LIMIT", 1]]
  ↳ app/controllers/users_controller.rb:7:in `create'
  [1m[36mUser Exists? (0.1ms)[0m  [1m[34mSELECT 1 AS one FROM "users" WHERE "users"."email" = ? LIMIT ?[0m  [["email", "milo@ymail.com"], ["LIMIT", 1]]
  ↳ app/controllers/users_controller.rb:7:in `create'
  [1m[36mUser Create (0.3ms)[0m  [1m[32mINSERT INTO "users" ("username", "password_digest", "email", "created_at", "updated_at") VALUES (?, ?, ?, ?, ?)[0m  [["username", "milloy"], ["password_digest", "[FILTERED]"], ["email", "milo@ymail.com"], ["created_at", "2023-03-23 03:27:20.288099"], ["updated_at", "2023-03-23 03:27:20.288099"]]
  ↳ app/controllers/users_controller.rb:7:in `create'
  [1m[36mTRANSACTION (68.2ms)[0m  [1m[36mcommit transaction[0m
  ↳ app/controllers/users_controller.rb:7:in `create'
[active_model_serializers] Rendered ActiveModel::Serializer::Null with User (0.22ms)
Completed 200 OK in 377ms (Views: 1.0ms | ActiveRecord: 68.8ms | Allocations: 3724)


Started POST "/signup" for ::1 at 2023-03-23 06:28:48 +0300
  [1m[36mActiveRecord::SchemaMigration Pluck (0.1ms)[0m  [1m[34mSELECT "schema_migrations"."version" FROM "schema_migrations" ORDER BY "schema_migrations"."version" ASC[0m
Processing by UsersController#create as */*
  Parameters: {"username"=>"milloy", "email"=>"milo@ymail.com", "password"=>"[FILTERED]", "password_confirmation"=>"[FILTERED]", "user"=>{"username"=>"milloy", "email"=>"milo@ymail.com"}}
[31mUnpermitted parameter: :user. Context: { controller: UsersController, action: create, request: #<ActionDispatch::Request:0x00007f6adc726b38>, params: {"username"=>"milloy", "email"=>"milo@ymail.com", "password"=>"[FILTERED]", "password_confirmation"=>"[FILTERED]", "controller"=>"users", "action"=>"create", "user"=>{"username"=>"milloy", "email"=>"milo@ymail.com"}} }[0m
  [1m[36mTRANSACTION (0.1ms)[0m  [1m[36mbegin transaction[0m
  ↳ app/controllers/users_controller.rb:7:in `create'
  [1m[36mUser Create (0.4ms)[0m  [1m[32mINSERT INTO "users" ("username", "password_digest", "email", "created_at", "updated_at") VALUES (?, ?, ?, ?, ?)[0m  [["username", "milloy"], ["password_digest", "[FILTERED]"], ["email", "milo@ymail.com"], ["created_at", "2023-03-23 03:28:49.125590"], ["updated_at", "2023-03-23 03:28:49.125590"]]
  ↳ app/controllers/users_controller.rb:7:in `create'
  [1m[36mTRANSACTION (86.6ms)[0m  [1m[36mcommit transaction[0m
  ↳ app/controllers/users_controller.rb:7:in `create'
[active_model_serializers] Rendered UserSerializer with ActiveModelSerializers::Adapter::Attributes (1.44ms)
Completed 200 OK in 515ms (Views: 61.3ms | ActiveRecord: 87.8ms | Allocations: 40806)


Started POST "/signup" for ::1 at 2023-03-23 06:29:08 +0300
Processing by UsersController#create as */*
  Parameters: {"username"=>"milloy", "email"=>"milo@ymail.com", "password"=>"[FILTERED]", "password_confirmation"=>"[FILTERED]", "user"=>{"username"=>"milloy", "email"=>"milo@ymail.com"}}
[31mUnpermitted parameter: :user. Context: { controller: UsersController, action: create, request: #<ActionDispatch::Request:0x00007f6adc5ec948>, params: {"username"=>"milloy", "email"=>"milo@ymail.com", "password"=>"[FILTERED]", "password_confirmation"=>"[FILTERED]", "controller"=>"users", "action"=>"create", "user"=>{"username"=>"milloy", "email"=>"milo@ymail.com"}} }[0m
  [1m[36mTRANSACTION (0.1ms)[0m  [1m[36mbegin transaction[0m
  ↳ app/controllers/users_controller.rb:7:in `create'
  [1m[36mUser Create (0.3ms)[0m  [1m[32mINSERT INTO "users" ("username", "password_digest", "email", "created_at", "updated_at") VALUES (?, ?, ?, ?, ?)[0m  [["username", "milloy"], ["password_digest", "[FILTERED]"], ["email", "milo@ymail.com"], ["created_at", "2023-03-23 03:29:08.712369"], ["updated_at", "2023-03-23 03:29:08.712369"]]
  ↳ app/controllers/users_controller.rb:7:in `create'
  [1m[36mTRANSACTION (78.2ms)[0m  [1m[36mcommit transaction[0m
  ↳ app/controllers/users_controller.rb:7:in `create'
[active_model_serializers] Rendered UserSerializer with ActiveModelSerializers::Adapter::Attributes (0.27ms)
Completed 200 OK in 389ms (Views: 1.6ms | ActiveRecord: 82.9ms | Allocations: 3760)


Started GET "/me" for ::1 at 2023-03-23 06:32:04 +0300
Processing by UsersController#show as */*
  Parameters: {"user_id"=>1, "user"=>{}}
Completed 500 Internal Server Error in 2ms (ActiveRecord: 1.0ms | Allocations: 619)


  
NoMethodError (undefined method `find_by' for nil:NilClass):
  
app/controllers/users_controller.rb:15:in `show'
Started GET "/me" for ::1 at 2023-03-23 06:32:22 +0300
Processing by UsersController#show as */*
  Parameters: {"user_id"=>1, "user"=>{}}
  [1m[36mUser Load (0.2ms)[0m  [1m[34mSELECT "users".* FROM "users" WHERE "users"."id" = ? LIMIT ?[0m  [["id", 1], ["LIMIT", 1]]
  ↳ app/controllers/users_controller.rb:15:in `show'
[active_model_serializers] Rendered UserSerializer with ActiveModelSerializers::Adapter::Attributes (0.36ms)
Completed 200 OK in 8ms (Views: 1.7ms | ActiveRecord: 1.8ms | Allocations: 2987)


Started GET "/me" for ::1 at 2023-03-23 06:32:30 +0300
Processing by UsersController#show as */*
  Parameters: {"user_id"=>3, "user"=>{}}
  [1m[36mUser Load (0.1ms)[0m  [1m[34mSELECT "users".* FROM "users" WHERE "users"."id" = ? LIMIT ?[0m  [["id", 3], ["LIMIT", 1]]
  ↳ app/controllers/users_controller.rb:15:in `show'
[active_model_serializers] Rendered UserSerializer with ActiveModelSerializers::Adapter::Attributes (0.26ms)
Completed 200 OK in 2ms (Views: 0.8ms | ActiveRecord: 0.1ms | Allocations: 654)


Started GET "/me" for ::1 at 2023-03-23 06:32:35 +0300
Processing by UsersController#show as */*
  Parameters: {"user_id"=>4, "user"=>{}}
  [1m[36mUser Load (0.2ms)[0m  [1m[34mSELECT "users".* FROM "users" WHERE "users"."id" = ? LIMIT ?[0m  [["id", 4], ["LIMIT", 1]]
  ↳ app/controllers/users_controller.rb:15:in `show'
[active_model_serializers] Rendered UserSerializer with ActiveModelSerializers::Adapter::Attributes (0.26ms)
Completed 200 OK in 3ms (Views: 0.8ms | ActiveRecord: 0.2ms | Allocations: 670)


Started GET "/me" for ::1 at 2023-03-23 06:32:48 +0300
Processing by UsersController#show as */*
  Parameters: {"user_id"=>8, "user"=>{}}
  [1m[36mUser Load (0.1ms)[0m  [1m[34mSELECT "users".* FROM "users" WHERE "users"."id" = ? LIMIT ?[0m  [["id", 8], ["LIMIT", 1]]
  ↳ app/controllers/users_controller.rb:15:in `show'
[active_model_serializers] Rendered ActiveModel::Serializer::Null with Class (0.11ms)
Completed 200 OK in 52ms (Views: 50.2ms | ActiveRecord: 0.1ms | Allocations: 993)


Started GET "/me" for ::1 at 2023-03-23 06:33:04 +0300
Processing by UsersController#show as */*
  Parameters: {"user_id"=>8, "user"=>{}}
  [1m[36mUser Load (0.1ms)[0m  [1m[34mSELECT "users".* FROM "users" WHERE "users"."id" = ? LIMIT ?[0m  [["id", 8], ["LIMIT", 1]]
  ↳ app/controllers/users_controller.rb:15:in `show'
[active_model_serializers] Rendered ActiveModel::Serializer::Null with Hash (0.07ms)
Completed 404 Not Found in 3ms (Views: 0.9ms | ActiveRecord: 1.0ms | Allocations: 977)


Started GET "/me" for ::1 at 2023-03-23 06:33:21 +0300
Processing by UsersController#show as */*
  Parameters: {"user_id"=>8, "user"=>{}}
  [1m[36mUser Load (0.1ms)[0m  [1m[34mSELECT "users".* FROM "users" WHERE "users"."id" = ? LIMIT ?[0m  [["id", 8], ["LIMIT", 1]]
  ↳ app/controllers/users_controller.rb:15:in `show'
[active_model_serializers] Rendered ActiveModel::Serializer::Null with Hash (0.07ms)
Completed 404 Not Found in 4ms (Views: 0.6ms | ActiveRecord: 1.4ms | Allocations: 972)


Started POST "/sessions" for ::1 at 2023-03-23 06:35:33 +0300
  
ActionController::RoutingError (No route matches [POST] "/sessions"):
  
Started POST "/login" for ::1 at 2023-03-23 06:36:34 +0300
Processing by SessionsController#create as */*
  Parameters: {"username"=>"mil", "password"=>"[FILTERED]", "session"=>{"username"=>"mil", "password"=>"[FILTERED]"}}
  [1m[36mUser Load (0.1ms)[0m  [1m[34mSELECT "users".* FROM "users" WHERE "users"."username" = ? LIMIT ?[0m  [["username", "mil"], ["LIMIT", 1]]
  ↳ app/controllers/sessions_controller.rb:4:in `create'
[active_model_serializers] Rendered ActiveModel::Serializer::Null with Hash (0.07ms)
Completed 422 Unprocessable Entity in 6ms (Views: 0.7ms | ActiveRecord: 0.8ms | Allocations: 1819)


Started POST "/login" for ::1 at 2023-03-23 06:37:16 +0300
Processing by SessionsController#create as */*
  Parameters: {"username"=>"mil", "password"=>"[FILTERED]", "session"=>{"username"=>"mil", "password"=>"[FILTERED]"}}
  [1m[36mUser Load (0.2ms)[0m  [1m[34mSELECT "users".* FROM "users" WHERE "users"."username" = ? LIMIT ?[0m  [["username", "mil"], ["LIMIT", 1]]
  ↳ app/controllers/sessions_controller.rb:4:in `create'
[active_model_serializers] Rendered ActiveModel::Serializer::Null with Hash (0.09ms)
Completed 422 Unprocessable Entity in 8ms (Views: 1.0ms | ActiveRecord: 1.0ms | Allocations: 1819)


Started POST "/login" for ::1 at 2023-03-23 06:37:25 +0300
Processing by SessionsController#create as */*
  Parameters: {"username"=>"millo", "password"=>"[FILTERED]", "session"=>{"username"=>"millo", "password"=>"[FILTERED]"}}
  [1m[36mUser Load (0.2ms)[0m  [1m[34mSELECT "users".* FROM "users" WHERE "users"."username" = ? LIMIT ?[0m  [["username", "millo"], ["LIMIT", 1]]
  ↳ app/controllers/sessions_controller.rb:4:in `create'
[active_model_serializers] Rendered UserSerializer with ActiveModelSerializers::Adapter::Attributes (0.28ms)
Completed 200 OK in 327ms (Views: 1.8ms | ActiveRecord: 1.0ms | Allocations: 2398)


Started POST "/login" for ::1 at 2023-03-23 06:37:36 +0300
Processing by SessionsController#create as */*
  Parameters: {"username"=>"milloy", "password"=>"[FILTERED]", "session"=>{"username"=>"milloy", "password"=>"[FILTERED]"}}
  [1m[36mUser Load (0.2ms)[0m  [1m[34mSELECT "users".* FROM "users" WHERE "users"."username" = ? LIMIT ?[0m  [["username", "milloy"], ["LIMIT", 1]]
  ↳ app/controllers/sessions_controller.rb:4:in `create'
[active_model_serializers] Rendered ActiveModel::Serializer::Null with Hash (0.09ms)
Completed 422 Unprocessable Entity in 316ms (Views: 0.6ms | ActiveRecord: 0.2ms | Allocations: 620)


Started POST "/login" for ::1 at 2023-03-23 06:37:43 +0300
Processing by SessionsController#create as */*
  Parameters: {"username"=>"milloy", "password"=>"[FILTERED]", "session"=>{"username"=>"milloy", "password"=>"[FILTERED]"}}
  [1m[36mUser Load (0.1ms)[0m  [1m[34mSELECT "users".* FROM "users" WHERE "users"."username" = ? LIMIT ?[0m  [["username", "milloy"], ["LIMIT", 1]]
  ↳ app/controllers/sessions_controller.rb:4:in `create'
[active_model_serializers] Rendered UserSerializer with ActiveModelSerializers::Adapter::Attributes (0.25ms)
Completed 200 OK in 302ms (Views: 0.8ms | ActiveRecord: 0.1ms | Allocations: 818)


Started POST "/login" for ::1 at 2023-03-23 06:37:59 +0300
Processing by SessionsController#create as */*
  Parameters: {"username"=>"milloy", "password"=>"[FILTERED]", "session"=>{"username"=>"milloy", "password"=>"[FILTERED]"}}
  [1m[36mUser Load (0.2ms)[0m  [1m[34mSELECT "users".* FROM "users" WHERE "users"."username" = ? LIMIT ?[0m  [["username", "milloy"], ["LIMIT", 1]]
  ↳ app/controllers/sessions_controller.rb:4:in `create'
[active_model_serializers] Rendered ActiveModel::Serializer::Null with Hash (0.08ms)
Completed 422 Unprocessable Entity in 311ms (Views: 0.6ms | ActiveRecord: 0.2ms | Allocations: 620)


Started POST "/users" for 127.0.0.1 at 2023-03-23 08:38:43 +0300
  [1m[36mActiveRecord::SchemaMigration Pluck (0.4ms)[0m  [1m[34mSELECT "schema_migrations"."version" FROM "schema_migrations" ORDER BY "schema_migrations"."version" ASC[0m
  
ActionController::RoutingError (No route matches [POST] "/users"):
  
Started POST "/signup" for 127.0.0.1 at 2023-03-23 08:40:20 +0300
Processing by UsersController#create as */*
  Parameters: {"username"=>"EllaMeKen", "email"=>"leemwesh@gmail.com", "password"=>"[FILTERED]", "password_confirmation"=>"[FILTERED]", "user"=>{"username"=>"EllaMeKen", "email"=>"leemwesh@gmail.com"}}
[31mUnpermitted parameter: :user. Context: { controller: UsersController, action: create, request: #<ActionDispatch::Request:0x00007f837c00b340>, params: {"username"=>"EllaMeKen", "email"=>"leemwesh@gmail.com", "password"=>"[FILTERED]", "password_confirmation"=>"[FILTERED]", "controller"=>"users", "action"=>"create", "user"=>{"username"=>"EllaMeKen", "email"=>"leemwesh@gmail.com"}} }[0m
  [1m[36mTRANSACTION (0.1ms)[0m  [1m[36mbegin transaction[0m
  ↳ app/controllers/users_controller.rb:7:in `create'
  [1m[36mUser Exists? (0.2ms)[0m  [1m[34mSELECT 1 AS one FROM "users" WHERE "users"."username" = ? LIMIT ?[0m  [["username", "EllaMeKen"], ["LIMIT", 1]]
  ↳ app/controllers/users_controller.rb:7:in `create'
  [1m[36mUser Exists? (0.1ms)[0m  [1m[34mSELECT 1 AS one FROM "users" WHERE "users"."email" = ? LIMIT ?[0m  [["email", "leemwesh@gmail.com"], ["LIMIT", 1]]
  ↳ app/controllers/users_controller.rb:7:in `create'
  [1m[36mTRANSACTION (0.1ms)[0m  [1m[31mrollback transaction[0m
  ↳ app/controllers/users_controller.rb:7:in `create'
[active_model_serializers] Rendered ActiveModel::Serializer::Null with Hash (0.08ms)
Completed 422 Unprocessable Entity in 394ms (Views: 1.5ms | ActiveRecord: 1.2ms | Allocations: 43402)


Started POST "/signup" for 127.0.0.1 at 2023-03-23 08:46:39 +0300
Processing by UsersController#create as */*
  Parameters: {"username"=>"EllaMeKen", "email"=>"leemwesh@gmail.com", "password"=>"[FILTERED]", "password_confirmation"=>"[FILTERED]", "user"=>{"username"=>"EllaMeKen", "email"=>"leemwesh@gmail.com"}}
[31mUnpermitted parameter: :user. Context: { controller: UsersController, action: create, request: #<ActionDispatch::Request:0x00007f8384c4ef28>, params: {"username"=>"EllaMeKen", "email"=>"leemwesh@gmail.com", "password"=>"[FILTERED]", "password_confirmation"=>"[FILTERED]", "controller"=>"users", "action"=>"create", "user"=>{"username"=>"EllaMeKen", "email"=>"leemwesh@gmail.com"}} }[0m
  [1m[36mTRANSACTION (0.0ms)[0m  [1m[36mbegin transaction[0m
  ↳ app/controllers/users_controller.rb:7:in `create'
  [1m[36mUser Exists? (0.2ms)[0m  [1m[34mSELECT 1 AS one FROM "users" WHERE "users"."username" = ? LIMIT ?[0m  [["username", "EllaMeKen"], ["LIMIT", 1]]
  ↳ app/controllers/users_controller.rb:7:in `create'
  [1m[36mUser Exists? (0.1ms)[0m  [1m[34mSELECT 1 AS one FROM "users" WHERE "users"."email" = ? LIMIT ?[0m  [["email", "leemwesh@gmail.com"], ["LIMIT", 1]]
  ↳ app/controllers/users_controller.rb:7:in `create'
  [1m[36mTRANSACTION (0.1ms)[0m  [1m[31mrollback transaction[0m
  ↳ app/controllers/users_controller.rb:7:in `create'
[active_model_serializers] Rendered ActiveModel::Serializer::Null with Hash (0.11ms)
Completed 422 Unprocessable Entity in 315ms (Views: 0.6ms | ActiveRecord: 0.7ms | Allocations: 3826)


Started POST "/signup" for 127.0.0.1 at 2023-03-23 08:47:06 +0300
Processing by UsersController#create as */*
  Parameters: {"username"=>"respect", "email"=>"leemwesh@gmail.com", "password"=>"[FILTERED]", "password_confirmation"=>"[FILTERED]", "user"=>{"username"=>"respect", "email"=>"leemwesh@gmail.com"}}
[31mUnpermitted parameter: :user. Context: { controller: UsersController, action: create, request: #<ActionDispatch::Request:0x00007f8384a3fbb0>, params: {"username"=>"respect", "email"=>"leemwesh@gmail.com", "password"=>"[FILTERED]", "password_confirmation"=>"[FILTERED]", "controller"=>"users", "action"=>"create", "user"=>{"username"=>"respect", "email"=>"leemwesh@gmail.com"}} }[0m
  [1m[36mTRANSACTION (0.1ms)[0m  [1m[36mbegin transaction[0m
  ↳ app/controllers/users_controller.rb:7:in `create'
  [1m[36mUser Exists? (0.2ms)[0m  [1m[34mSELECT 1 AS one FROM "users" WHERE "users"."username" = ? LIMIT ?[0m  [["username", "respect"], ["LIMIT", 1]]
  ↳ app/controllers/users_controller.rb:7:in `create'
  [1m[36mUser Exists? (0.1ms)[0m  [1m[34mSELECT 1 AS one FROM "users" WHERE "users"."email" = ? LIMIT ?[0m  [["email", "leemwesh@gmail.com"], ["LIMIT", 1]]
  ↳ app/controllers/users_controller.rb:7:in `create'
  [1m[36mTRANSACTION (0.1ms)[0m  [1m[31mrollback transaction[0m
  ↳ app/controllers/users_controller.rb:7:in `create'
[active_model_serializers] Rendered ActiveModel::Serializer::Null with Hash (0.08ms)
Completed 422 Unprocessable Entity in 315ms (Views: 0.6ms | ActiveRecord: 0.4ms | Allocations: 3709)


Started POST "/signup" for 127.0.0.1 at 2023-03-23 08:49:48 +0300
Processing by UsersController#create as */*
  Parameters: {"username"=>"EllaMeKen", "email"=>"leemwesh@gmail.com", "password"=>"[FILTERED]", "password_confirmation"=>"[FILTERED]", "user"=>{"username"=>"EllaMeKen", "email"=>"leemwesh@gmail.com"}}
[31mUnpermitted parameter: :user. Context: { controller: UsersController, action: create, request: #<ActionDispatch::Request:0x00007f8394c1d990>, params: {"username"=>"EllaMeKen", "email"=>"leemwesh@gmail.com", "password"=>"[FILTERED]", "password_confirmation"=>"[FILTERED]", "controller"=>"users", "action"=>"create", "user"=>{"username"=>"EllaMeKen", "email"=>"leemwesh@gmail.com"}} }[0m
  [1m[36mTRANSACTION (0.1ms)[0m  [1m[36mbegin transaction[0m
  ↳ app/controllers/users_controller.rb:7:in `create'
  [1m[36mUser Exists? (0.2ms)[0m  [1m[34mSELECT 1 AS one FROM "users" WHERE "users"."username" = ? LIMIT ?[0m  [["username", "EllaMeKen"], ["LIMIT", 1]]
  ↳ app/controllers/users_controller.rb:7:in `create'
  [1m[36mUser Exists? (0.1ms)[0m  [1m[34mSELECT 1 AS one FROM "users" WHERE "users"."email" = ? LIMIT ?[0m  [["email", "leemwesh@gmail.com"], ["LIMIT", 1]]
  ↳ app/controllers/users_controller.rb:7:in `create'
  [1m[36mTRANSACTION (0.1ms)[0m  [1m[31mrollback transaction[0m
  ↳ app/controllers/users_controller.rb:7:in `create'
[active_model_serializers] Rendered ActiveModel::Serializer::Null with Hash (0.08ms)
Completed 422 Unprocessable Entity in 346ms (Views: 0.5ms | ActiveRecord: 0.4ms | Allocations: 3709)


Started POST "/signup" for 127.0.0.1 at 2023-03-23 08:50:25 +0300
Processing by UsersController#create as */*
  Parameters: {"username"=>"respect", "email"=>"leemwesh@gmail.com", "password"=>"[FILTERED]", "password_confirmation"=>"[FILTERED]", "user"=>{"username"=>"respect", "email"=>"leemwesh@gmail.com"}}
[31mUnpermitted parameter: :user. Context: { controller: UsersController, action: create, request: #<ActionDispatch::Request:0x00007f8394b200d8>, params: {"username"=>"respect", "email"=>"leemwesh@gmail.com", "password"=>"[FILTERED]", "password_confirmation"=>"[FILTERED]", "controller"=>"users", "action"=>"create", "user"=>{"username"=>"respect", "email"=>"leemwesh@gmail.com"}} }[0m
  [1m[36mTRANSACTION (0.1ms)[0m  [1m[36mbegin transaction[0m
  ↳ app/controllers/users_controller.rb:7:in `create'
  [1m[36mUser Exists? (0.2ms)[0m  [1m[34mSELECT 1 AS one FROM "users" WHERE "users"."username" = ? LIMIT ?[0m  [["username", "respect"], ["LIMIT", 1]]
  ↳ app/controllers/users_controller.rb:7:in `create'
  [1m[36mUser Exists? (0.1ms)[0m  [1m[34mSELECT 1 AS one FROM "users" WHERE "users"."email" = ? LIMIT ?[0m  [["email", "leemwesh@gmail.com"], ["LIMIT", 1]]
  ↳ app/controllers/users_controller.rb:7:in `create'
  [1m[36mTRANSACTION (0.1ms)[0m  [1m[31mrollback transaction[0m
  ↳ app/controllers/users_controller.rb:7:in `create'
[active_model_serializers] Rendered ActiveModel::Serializer::Null with Hash (0.06ms)
Completed 422 Unprocessable Entity in 311ms (Views: 0.5ms | ActiveRecord: 0.4ms | Allocations: 3696)


Started GET "/me" for 127.0.0.1 at 2023-03-23 08:53:12 +0300
Processing by UsersController#show as */*
[active_model_serializers] Rendered ActiveModel::Serializer::Null with Hash (0.15ms)
Completed 404 Not Found in 2ms (Views: 1.4ms | ActiveRecord: 0.0ms | Allocations: 235)


Started GET "/me" for 127.0.0.1 at 2023-03-23 08:53:12 +0300
Processing by UsersController#show as */*
[active_model_serializers] Rendered ActiveModel::Serializer::Null with Hash (0.1ms)
Completed 404 Not Found in 1ms (Views: 0.9ms | ActiveRecord: 0.0ms | Allocations: 224)


Started POST "/signup" for 127.0.0.1 at 2023-03-23 08:54:08 +0300
Processing by UsersController#create as */*
  Parameters: {"username"=>"respect", "email"=>"leemwesh@gmail.com", "password"=>"[FILTERED]", "password_confirmation"=>"[FILTERED]", "user"=>{"username"=>"respect", "email"=>"leemwesh@gmail.com"}}
[31mUnpermitted parameter: :user. Context: { controller: UsersController, action: create, request: #<ActionDispatch::Request:0x00007f83944a9f10>, params: {"username"=>"respect", "email"=>"leemwesh@gmail.com", "password"=>"[FILTERED]", "password_confirmation"=>"[FILTERED]", "controller"=>"users", "action"=>"create", "user"=>{"username"=>"respect", "email"=>"leemwesh@gmail.com"}} }[0m
  [1m[36mTRANSACTION (0.1ms)[0m  [1m[36mbegin transaction[0m
  ↳ app/controllers/users_controller.rb:7:in `create'
  [1m[36mUser Exists? (0.2ms)[0m  [1m[34mSELECT 1 AS one FROM "users" WHERE "users"."username" = ? LIMIT ?[0m  [["username", "respect"], ["LIMIT", 1]]
  ↳ app/controllers/users_controller.rb:7:in `create'
  [1m[36mUser Exists? (0.1ms)[0m  [1m[34mSELECT 1 AS one FROM "users" WHERE "users"."email" = ? LIMIT ?[0m  [["email", "leemwesh@gmail.com"], ["LIMIT", 1]]
  ↳ app/controllers/users_controller.rb:7:in `create'
  [1m[36mTRANSACTION (0.1ms)[0m  [1m[31mrollback transaction[0m
  ↳ app/controllers/users_controller.rb:7:in `create'
[active_model_serializers] Rendered ActiveModel::Serializer::Null with Hash (0.07ms)
Completed 422 Unprocessable Entity in 315ms (Views: 0.6ms | ActiveRecord: 0.5ms | Allocations: 3689)


Started POST "/signup" for 127.0.0.1 at 2023-03-23 08:54:44 +0300
Processing by UsersController#create as */*
  Parameters: {"username"=>"respect", "email"=>"leemwesh@gmail.com", "password"=>"[FILTERED]", "password_confirmation"=>"[FILTERED]", "user"=>{"username"=>"respect", "email"=>"leemwesh@gmail.com"}}
[31mUnpermitted parameter: :user. Context: { controller: UsersController, action: create, request: #<ActionDispatch::Request:0x00007f839444cea0>, params: {"username"=>"respect", "email"=>"leemwesh@gmail.com", "password"=>"[FILTERED]", "password_confirmation"=>"[FILTERED]", "controller"=>"users", "action"=>"create", "user"=>{"username"=>"respect", "email"=>"leemwesh@gmail.com"}} }[0m
  [1m[36mTRANSACTION (0.1ms)[0m  [1m[36mbegin transaction[0m
  ↳ app/controllers/users_controller.rb:7:in `create'
  [1m[36mUser Exists? (0.2ms)[0m  [1m[34mSELECT 1 AS one FROM "users" WHERE "users"."username" = ? LIMIT ?[0m  [["username", "respect"], ["LIMIT", 1]]
  ↳ app/controllers/users_controller.rb:7:in `create'
  [1m[36mUser Exists? (0.1ms)[0m  [1m[34mSELECT 1 AS one FROM "users" WHERE "users"."email" = ? LIMIT ?[0m  [["email", "leemwesh@gmail.com"], ["LIMIT", 1]]
  ↳ app/controllers/users_controller.rb:7:in `create'
  [1m[36mTRANSACTION (0.1ms)[0m  [1m[31mrollback transaction[0m
  ↳ app/controllers/users_controller.rb:7:in `create'
[active_model_serializers] Rendered ActiveModel::Serializer::Null with Hash (0.07ms)
Completed 422 Unprocessable Entity in 335ms (Views: 0.5ms | ActiveRecord: 0.4ms | Allocations: 3689)


Started POST "/signup" for 127.0.0.1 at 2023-03-23 08:54:55 +0300
Processing by UsersController#create as */*
  Parameters: {"username"=>"respect", "email"=>"leemwesh@gmail.com", "password"=>"[FILTERED]", "password_confirmation"=>"[FILTERED]", "user"=>{"username"=>"respect", "email"=>"leemwesh@gmail.com"}}
[31mUnpermitted parameter: :user. Context: { controller: UsersController, action: create, request: #<ActionDispatch::Request:0x00007f8394806b18>, params: {"username"=>"respect", "email"=>"leemwesh@gmail.com", "password"=>"[FILTERED]", "password_confirmation"=>"[FILTERED]", "controller"=>"users", "action"=>"create", "user"=>{"username"=>"respect", "email"=>"leemwesh@gmail.com"}} }[0m
  [1m[36mTRANSACTION (0.1ms)[0m  [1m[36mbegin transaction[0m
  ↳ app/controllers/users_controller.rb:7:in `create'
  [1m[36mUser Exists? (0.2ms)[0m  [1m[34mSELECT 1 AS one FROM "users" WHERE "users"."username" = ? LIMIT ?[0m  [["username", "respect"], ["LIMIT", 1]]
  ↳ app/controllers/users_controller.rb:7:in `create'
  [1m[36mUser Exists? (0.1ms)[0m  [1m[34mSELECT 1 AS one FROM "users" WHERE "users"."email" = ? LIMIT ?[0m  [["email", "leemwesh@gmail.com"], ["LIMIT", 1]]
  ↳ app/controllers/users_controller.rb:7:in `create'
  [1m[36mTRANSACTION (0.1ms)[0m  [1m[31mrollback transaction[0m
  ↳ app/controllers/users_controller.rb:7:in `create'
[active_model_serializers] Rendered ActiveModel::Serializer::Null with Hash (0.17ms)
Completed 422 Unprocessable Entity in 316ms (Views: 1.9ms | ActiveRecord: 0.4ms | Allocations: 3689)


Started GET "/me" for 127.0.0.1 at 2023-03-23 08:54:59 +0300
Processing by UsersController#show as */*
[active_model_serializers] Rendered ActiveModel::Serializer::Null with Hash (0.16ms)
Completed 404 Not Found in 6ms (Views: 4.9ms | ActiveRecord: 0.0ms | Allocations: 224)


Started GET "/me" for 127.0.0.1 at 2023-03-23 08:54:59 +0300
Processing by UsersController#show as */*
[active_model_serializers] Rendered ActiveModel::Serializer::Null with Hash (0.16ms)
Completed 404 Not Found in 3ms (Views: 2.9ms | ActiveRecord: 0.0ms | Allocations: 224)


Started POST "/signup" for 127.0.0.1 at 2023-03-23 08:55:20 +0300
Processing by UsersController#create as */*
  Parameters: {"username"=>"respect", "email"=>"leemwesh@gmail.com", "password"=>"[FILTERED]", "password_confirmation"=>"[FILTERED]", "user"=>{"username"=>"respect", "email"=>"leemwesh@gmail.com"}}
[31mUnpermitted parameter: :user. Context: { controller: UsersController, action: create, request: #<ActionDispatch::Request:0x00007f8394a93700>, params: {"username"=>"respect", "email"=>"leemwesh@gmail.com", "password"=>"[FILTERED]", "password_confirmation"=>"[FILTERED]", "controller"=>"users", "action"=>"create", "user"=>{"username"=>"respect", "email"=>"leemwesh@gmail.com"}} }[0m
  [1m[36mTRANSACTION (0.1ms)[0m  [1m[36mbegin transaction[0m
  ↳ app/controllers/users_controller.rb:7:in `create'
  [1m[36mUser Exists? (0.2ms)[0m  [1m[34mSELECT 1 AS one FROM "users" WHERE "users"."username" = ? LIMIT ?[0m  [["username", "respect"], ["LIMIT", 1]]
  ↳ app/controllers/users_controller.rb:7:in `create'
  [1m[36mUser Exists? (0.1ms)[0m  [1m[34mSELECT 1 AS one FROM "users" WHERE "users"."email" = ? LIMIT ?[0m  [["email", "leemwesh@gmail.com"], ["LIMIT", 1]]
  ↳ app/controllers/users_controller.rb:7:in `create'
  [1m[36mTRANSACTION (0.1ms)[0m  [1m[31mrollback transaction[0m
  ↳ app/controllers/users_controller.rb:7:in `create'
[active_model_serializers] Rendered ActiveModel::Serializer::Null with Hash (0.07ms)
Completed 422 Unprocessable Entity in 312ms (Views: 1.0ms | ActiveRecord: 0.4ms | Allocations: 3688)


Started POST "/signup" for 127.0.0.1 at 2023-03-23 08:55:55 +0300
Processing by UsersController#create as */*
  Parameters: {"username"=>"respect", "email"=>"leemwesh@gmail.com", "password"=>"[FILTERED]", "password_confirmation"=>"[FILTERED]", "user"=>{"username"=>"respect", "email"=>"leemwesh@gmail.com"}}
[31mUnpermitted parameter: :user. Context: { controller: UsersController, action: create, request: #<ActionDispatch::Request:0x00007f83846cb538>, params: {"username"=>"respect", "email"=>"leemwesh@gmail.com", "password"=>"[FILTERED]", "password_confirmation"=>"[FILTERED]", "controller"=>"users", "action"=>"create", "user"=>{"username"=>"respect", "email"=>"leemwesh@gmail.com"}} }[0m
  [1m[36mTRANSACTION (0.1ms)[0m  [1m[36mbegin transaction[0m
  ↳ app/controllers/users_controller.rb:7:in `create'
  [1m[36mUser Exists? (0.2ms)[0m  [1m[34mSELECT 1 AS one FROM "users" WHERE "users"."username" = ? LIMIT ?[0m  [["username", "respect"], ["LIMIT", 1]]
  ↳ app/controllers/users_controller.rb:7:in `create'
  [1m[36mUser Exists? (0.1ms)[0m  [1m[34mSELECT 1 AS one FROM "users" WHERE "users"."email" = ? LIMIT ?[0m  [["email", "leemwesh@gmail.com"], ["LIMIT", 1]]
  ↳ app/controllers/users_controller.rb:7:in `create'
  [1m[36mUser Create (1.4ms)[0m  [1m[32mINSERT INTO "users" ("username", "password_digest", "email", "created_at", "updated_at") VALUES (?, ?, ?, ?, ?)[0m  [["username", "respect"], ["password_digest", "[FILTERED]"], ["email", "leemwesh@gmail.com"], ["created_at", "2023-03-23 05:55:55.794661"], ["updated_at", "2023-03-23 05:55:55.794661"]]
  ↳ app/controllers/users_controller.rb:7:in `create'
  [1m[36mTRANSACTION (85.1ms)[0m  [1m[36mcommit transaction[0m
  ↳ app/controllers/users_controller.rb:7:in `create'
[active_model_serializers] Rendered UserSerializer with ActiveModelSerializers::Adapter::Attributes (0.43ms)
Completed 200 OK in 446ms (Views: 38.9ms | ActiveRecord: 86.8ms | Allocations: 5646)


Started POST "/login" for 127.0.0.1 at 2023-03-23 08:57:47 +0300
Processing by SessionsController#create as */*
  Parameters: {"username"=>"respect", "password"=>"[FILTERED]", "session"=>{"username"=>"respect", "password"=>"[FILTERED]"}}
  [1m[36mUser Load (0.5ms)[0m  [1m[34mSELECT "users".* FROM "users" WHERE "users"."username" = ? LIMIT ?[0m  [["username", "respect"], ["LIMIT", 1]]
  ↳ app/controllers/sessions_controller.rb:4:in `create'
[active_model_serializers] Rendered UserSerializer with ActiveModelSerializers::Adapter::Attributes (0.24ms)
Completed 200 OK in 308ms (Views: 0.8ms | ActiveRecord: 0.5ms | Allocations: 996)


Started POST "/signup" for 127.0.0.1 at 2023-03-23 08:58:15 +0300
Processing by UsersController#create as */*
  Parameters: {"username"=>"respect", "email"=>"leemwesh@gmail.com", "password"=>"[FILTERED]", "password_confirmation"=>"[FILTERED]", "user"=>{"username"=>"respect", "email"=>"leemwesh@gmail.com"}}
[31mUnpermitted parameter: :user. Context: { controller: UsersController, action: create, request: #<ActionDispatch::Request:0x00007f8384aa50a0>, params: {"username"=>"respect", "email"=>"leemwesh@gmail.com", "password"=>"[FILTERED]", "password_confirmation"=>"[FILTERED]", "controller"=>"users", "action"=>"create", "user"=>{"username"=>"respect", "email"=>"leemwesh@gmail.com"}} }[0m
  [1m[36mTRANSACTION (0.1ms)[0m  [1m[36mbegin transaction[0m
  ↳ app/controllers/users_controller.rb:7:in `create'
  [1m[36mUser Exists? (0.2ms)[0m  [1m[34mSELECT 1 AS one FROM "users" WHERE "users"."username" = ? LIMIT ?[0m  [["username", "respect"], ["LIMIT", 1]]
  ↳ app/controllers/users_controller.rb:7:in `create'
  [1m[36mUser Exists? (0.1ms)[0m  [1m[34mSELECT 1 AS one FROM "users" WHERE "users"."email" = ? LIMIT ?[0m  [["email", "leemwesh@gmail.com"], ["LIMIT", 1]]
  ↳ app/controllers/users_controller.rb:7:in `create'
  [1m[36mTRANSACTION (0.1ms)[0m  [1m[31mrollback transaction[0m
  ↳ app/controllers/users_controller.rb:7:in `create'
[active_model_serializers] Rendered ActiveModel::Serializer::Null with Hash (0.07ms)
Completed 422 Unprocessable Entity in 323ms (Views: 0.5ms | ActiveRecord: 0.4ms | Allocations: 5467)


Started POST "/login" for 127.0.0.1 at 2023-03-23 08:58:39 +0300
Processing by SessionsController#create as */*
  Parameters: {"username"=>"respect", "password"=>"[FILTERED]", "session"=>{"username"=>"respect", "password"=>"[FILTERED]"}}
  [1m[36mUser Load (0.1ms)[0m  [1m[34mSELECT "users".* FROM "users" WHERE "users"."username" = ? LIMIT ?[0m  [["username", "respect"], ["LIMIT", 1]]
  ↳ app/controllers/sessions_controller.rb:4:in `create'
[active_model_serializers] Rendered ActiveModel::Serializer::Null with Hash (0.09ms)
Completed 422 Unprocessable Entity in 303ms (Views: 0.5ms | ActiveRecord: 0.1ms | Allocations: 631)


Started POST "/login" for 127.0.0.1 at 2023-03-23 08:59:01 +0300
Processing by SessionsController#create as */*
  Parameters: {"username"=>"respect", "password"=>"[FILTERED]", "session"=>{"username"=>"respect", "password"=>"[FILTERED]"}}
  [1m[36mUser Load (0.2ms)[0m  [1m[34mSELECT "users".* FROM "users" WHERE "users"."username" = ? LIMIT ?[0m  [["username", "respect"], ["LIMIT", 1]]
  ↳ app/controllers/sessions_controller.rb:4:in `create'
[active_model_serializers] Rendered UserSerializer with ActiveModelSerializers::Adapter::Attributes (0.25ms)
Completed 200 OK in 302ms (Views: 0.8ms | ActiveRecord: 0.2ms | Allocations: 835)


Started GET "/me" for 127.0.0.1 at 2023-03-23 09:44:35 +0300
Processing by UsersController#show as */*
[active_model_serializers] Rendered ActiveModel::Serializer::Null with Hash (0.22ms)
Completed 404 Not Found in 2ms (Views: 1.5ms | Allocations: 224)


Started GET "/me" for 127.0.0.1 at 2023-03-23 09:44:35 +0300
Processing by UsersController#show as */*
[active_model_serializers] Rendered ActiveModel::Serializer::Null with Hash (0.14ms)
Completed 404 Not Found in 3ms (Views: 1.4ms | Allocations: 224)


Started POST "/login" for 127.0.0.1 at 2023-03-23 09:45:16 +0300
Processing by SessionsController#create as */*
  Parameters: {"username"=>"respect", "password"=>"[FILTERED]", "session"=>{"username"=>"respect", "password"=>"[FILTERED]"}}
  [1m[36mUser Load (0.2ms)[0m  [1m[34mSELECT "users".* FROM "users" WHERE "users"."username" = ? LIMIT ?[0m  [["username", "respect"], ["LIMIT", 1]]
  ↳ app/controllers/sessions_controller.rb:4:in `create'
[active_model_serializers] Rendered ActiveModel::Serializer::Null with Hash (0.08ms)
Completed 422 Unprocessable Entity in 304ms (Views: 0.6ms | ActiveRecord: 0.5ms | Allocations: 775)


Started POST "/login" for 127.0.0.1 at 2023-03-23 09:45:26 +0300
Processing by SessionsController#create as */*
  Parameters: {"username"=>"respect", "password"=>"[FILTERED]", "session"=>{"username"=>"respect", "password"=>"[FILTERED]"}}
  [1m[36mUser Load (0.1ms)[0m  [1m[34mSELECT "users".* FROM "users" WHERE "users"."username" = ? LIMIT ?[0m  [["username", "respect"], ["LIMIT", 1]]
  ↳ app/controllers/sessions_controller.rb:4:in `create'
[active_model_serializers] Rendered UserSerializer with ActiveModelSerializers::Adapter::Attributes (0.24ms)
Completed 200 OK in 305ms (Views: 0.7ms | ActiveRecord: 0.1ms | Allocations: 820)


Started GET "/me" for 127.0.0.1 at 2023-03-23 09:45:42 +0300
Processing by UsersController#show as */*
[active_model_serializers] Rendered ActiveModel::Serializer::Null with Hash (0.11ms)
Completed 404 Not Found in 1ms (Views: 0.7ms | ActiveRecord: 0.0ms | Allocations: 224)


Started GET "/me" for 127.0.0.1 at 2023-03-23 09:45:42 +0300
Processing by UsersController#show as */*
[active_model_serializers] Rendered ActiveModel::Serializer::Null with Hash (0.1ms)
Completed 404 Not Found in 1ms (Views: 0.7ms | ActiveRecord: 0.0ms | Allocations: 224)


Started GET "/me" for 127.0.0.1 at 2023-03-23 09:47:21 +0300
Processing by UsersController#show as */*
  [1m[36mUser Load (0.2ms)[0m  [1m[34mSELECT "users".* FROM "users" WHERE "users"."id" = ? LIMIT ?[0m  [["id", 7], ["LIMIT", 1]]
  ↳ app/controllers/users_controller.rb:14:in `show'
[active_model_serializers] Rendered UserSerializer with ActiveModelSerializers::Adapter::Attributes (0.52ms)
Completed 200 OK in 37ms (Views: 4.8ms | ActiveRecord: 1.7ms | Allocations: 3585)


Started GET "/me" for 127.0.0.1 at 2023-03-23 09:47:21 +0300
Processing by UsersController#show as */*
  [1m[36mUser Load (0.2ms)[0m  [1m[34mSELECT "users".* FROM "users" WHERE "users"."id" = ? LIMIT ?[0m  [["id", 7], ["LIMIT", 1]]
  ↳ app/controllers/users_controller.rb:14:in `show'
[active_model_serializers] Rendered UserSerializer with ActiveModelSerializers::Adapter::Attributes (0.36ms)
Completed 200 OK in 5ms (Views: 2.0ms | ActiveRecord: 0.2ms | Allocations: 796)


Started GET "/me" for 127.0.0.1 at 2023-03-23 09:55:49 +0300
Processing by UsersController#show as */*
  [1m[36mUser Load (0.2ms)[0m  [1m[34mSELECT "users".* FROM "users" WHERE "users"."id" = ? LIMIT ?[0m  [["id", 7], ["LIMIT", 1]]
  ↳ app/controllers/users_controller.rb:14:in `show'
[active_model_serializers] Rendered UserSerializer with ActiveModelSerializers::Adapter::Attributes (0.29ms)
Completed 200 OK in 4ms (Views: 1.0ms | ActiveRecord: 0.5ms | Allocations: 935)


Started GET "/me" for 127.0.0.1 at 2023-03-23 09:55:52 +0300
Processing by UsersController#show as */*
  [1m[36mUser Load (0.1ms)[0m  [1m[34mSELECT "users".* FROM "users" WHERE "users"."id" = ? LIMIT ?[0m  [["id", 7], ["LIMIT", 1]]
  ↳ app/controllers/users_controller.rb:14:in `show'
[active_model_serializers] Rendered UserSerializer with ActiveModelSerializers::Adapter::Attributes (0.21ms)
Completed 200 OK in 2ms (Views: 0.6ms | ActiveRecord: 0.1ms | Allocations: 792)


Started GET "/me" for 127.0.0.1 at 2023-03-23 09:55:55 +0300
Processing by UsersController#show as */*
  [1m[36mUser Load (0.1ms)[0m  [1m[34mSELECT "users".* FROM "users" WHERE "users"."id" = ? LIMIT ?[0m  [["id", 7], ["LIMIT", 1]]
  ↳ app/controllers/users_controller.rb:14:in `show'
[active_model_serializers] Rendered UserSerializer with ActiveModelSerializers::Adapter::Attributes (0.2ms)
Completed 200 OK in 2ms (Views: 0.6ms | ActiveRecord: 0.1ms | Allocations: 784)


Started GET "/me" for 127.0.0.1 at 2023-03-23 09:55:57 +0300
Processing by UsersController#show as */*
  [1m[36mUser Load (0.1ms)[0m  [1m[34mSELECT "users".* FROM "users" WHERE "users"."id" = ? LIMIT ?[0m  [["id", 7], ["LIMIT", 1]]
  ↳ app/controllers/users_controller.rb:14:in `show'
[active_model_serializers] Rendered UserSerializer with ActiveModelSerializers::Adapter::Attributes (0.42ms)
Completed 200 OK in 3ms (Views: 1.1ms | ActiveRecord: 0.1ms | Allocations: 786)


Started GET "/me" for 127.0.0.1 at 2023-03-23 09:56:35 +0300
Processing by UsersController#show as */*
  [1m[36mUser Load (0.2ms)[0m  [1m[34mSELECT "users".* FROM "users" WHERE "users"."id" = ? LIMIT ?[0m  [["id", 7], ["LIMIT", 1]]
  ↳ app/controllers/users_controller.rb:14:in `show'
[active_model_serializers] Rendered UserSerializer with ActiveModelSerializers::Adapter::Attributes (0.43ms)
Completed 200 OK in 6ms (Views: 1.7ms | ActiveRecord: 0.2ms | Allocations: 787)


Started GET "/me" for 127.0.0.1 at 2023-03-23 09:56:35 +0300
Processing by UsersController#show as */*
  [1m[36mUser Load (0.4ms)[0m  [1m[34mSELECT "users".* FROM "users" WHERE "users"."id" = ? LIMIT ?[0m  [["id", 7], ["LIMIT", 1]]
  ↳ app/controllers/users_controller.rb:14:in `show'
[active_model_serializers] Rendered UserSerializer with ActiveModelSerializers::Adapter::Attributes (1.58ms)
Completed 200 OK in 7ms (Views: 3.8ms | ActiveRecord: 0.4ms | Allocations: 786)


Started GET "/me" for 127.0.0.1 at 2023-03-23 09:56:36 +0300
Processing by UsersController#show as */*
  [1m[36mUser Load (0.2ms)[0m  [1m[34mSELECT "users".* FROM "users" WHERE "users"."id" = ? LIMIT ?[0m  [["id", 7], ["LIMIT", 1]]
  ↳ app/controllers/users_controller.rb:14:in `show'
[active_model_serializers] Rendered UserSerializer with ActiveModelSerializers::Adapter::Attributes (0.55ms)
Completed 200 OK in 5ms (Views: 1.9ms | ActiveRecord: 0.2ms | Allocations: 786)


Started GET "/me" for 127.0.0.1 at 2023-03-23 09:56:36 +0300
Processing by UsersController#show as */*
  [1m[36mUser Load (0.2ms)[0m  [1m[34mSELECT "users".* FROM "users" WHERE "users"."id" = ? LIMIT ?[0m  [["id", 7], ["LIMIT", 1]]
  ↳ app/controllers/users_controller.rb:14:in `show'
[active_model_serializers] Rendered UserSerializer with ActiveModelSerializers::Adapter::Attributes (0.83ms)
Completed 200 OK in 11ms (Views: 3.5ms | ActiveRecord: 0.2ms | Allocations: 786)


Started GET "/me" for 127.0.0.1 at 2023-03-23 09:56:52 +0300
Processing by UsersController#show as */*
  [1m[36mUser Load (0.2ms)[0m  [1m[34mSELECT "users".* FROM "users" WHERE "users"."id" = ? LIMIT ?[0m  [["id", 7], ["LIMIT", 1]]
  ↳ app/controllers/users_controller.rb:14:in `show'
[active_model_serializers] Rendered UserSerializer with ActiveModelSerializers::Adapter::Attributes (0.48ms)
Completed 200 OK in 5ms (Views: 1.7ms | ActiveRecord: 0.2ms | Allocations: 784)


Started GET "/me" for 127.0.0.1 at 2023-03-23 09:56:52 +0300
Processing by UsersController#show as */*
  [1m[36mUser Load (0.1ms)[0m  [1m[34mSELECT "users".* FROM "users" WHERE "users"."id" = ? LIMIT ?[0m  [["id", 7], ["LIMIT", 1]]
  ↳ app/controllers/users_controller.rb:14:in `show'
[active_model_serializers] Rendered UserSerializer with ActiveModelSerializers::Adapter::Attributes (0.23ms)
Completed 200 OK in 2ms (Views: 0.7ms | ActiveRecord: 0.1ms | Allocations: 792)


Started GET "/me" for 127.0.0.1 at 2023-03-23 09:57:03 +0300
Processing by UsersController#show as */*
  [1m[36mUser Load (0.1ms)[0m  [1m[34mSELECT "users".* FROM "users" WHERE "users"."id" = ? LIMIT ?[0m  [["id", 7], ["LIMIT", 1]]
  ↳ app/controllers/users_controller.rb:14:in `show'
[active_model_serializers] Rendered UserSerializer with ActiveModelSerializers::Adapter::Attributes (0.2ms)
Completed 200 OK in 2ms (Views: 0.7ms | ActiveRecord: 0.1ms | Allocations: 784)


Started GET "/me" for 127.0.0.1 at 2023-03-23 09:57:04 +0300
Processing by UsersController#show as */*
  [1m[36mUser Load (0.2ms)[0m  [1m[34mSELECT "users".* FROM "users" WHERE "users"."id" = ? LIMIT ?[0m  [["id", 7], ["LIMIT", 1]]
  ↳ app/controllers/users_controller.rb:14:in `show'
[active_model_serializers] Rendered UserSerializer with ActiveModelSerializers::Adapter::Attributes (0.39ms)
Completed 200 OK in 5ms (Views: 1.6ms | ActiveRecord: 0.2ms | Allocations: 790)


Started GET "/me" for 127.0.0.1 at 2023-03-23 09:57:14 +0300
Processing by UsersController#show as */*
  [1m[36mUser Load (0.1ms)[0m  [1m[34mSELECT "users".* FROM "users" WHERE "users"."id" = ? LIMIT ?[0m  [["id", 7], ["LIMIT", 1]]
  ↳ app/controllers/users_controller.rb:14:in `show'
[active_model_serializers] Rendered UserSerializer with ActiveModelSerializers::Adapter::Attributes (0.23ms)
Completed 200 OK in 2ms (Views: 0.7ms | ActiveRecord: 0.1ms | Allocations: 780)


Started GET "/me" for 127.0.0.1 at 2023-03-23 09:59:13 +0300
Processing by UsersController#show as */*
[active_model_serializers] Rendered ActiveModel::Serializer::Null with Hash (0.08ms)
Completed 404 Not Found in 1ms (Views: 0.7ms | ActiveRecord: 0.0ms | Allocations: 364)


Started GET "/me" for 127.0.0.1 at 2023-03-23 09:59:13 +0300
Processing by UsersController#show as */*
[active_model_serializers] Rendered ActiveModel::Serializer::Null with Hash (0.11ms)
Completed 404 Not Found in 2ms (Views: 0.9ms | ActiveRecord: 0.0ms | Allocations: 274)


Started GET "/me" for 127.0.0.1 at 2023-03-23 09:59:57 +0300
Processing by UsersController#show as */*
[active_model_serializers] Rendered ActiveModel::Serializer::Null with Hash (0.13ms)
Completed 404 Not Found in 3ms (Views: 1.2ms | ActiveRecord: 0.0ms | Allocations: 274)


Started GET "/me" for 127.0.0.1 at 2023-03-23 09:59:57 +0300
Processing by UsersController#show as */*
[active_model_serializers] Rendered ActiveModel::Serializer::Null with Hash (0.13ms)
Completed 404 Not Found in 1ms (Views: 0.8ms | ActiveRecord: 0.0ms | Allocations: 274)


Started GET "/me" for 127.0.0.1 at 2023-03-23 10:04:57 +0300
Processing by UsersController#show as */*
[active_model_serializers] Rendered ActiveModel::Serializer::Null with Hash (0.29ms)
Completed 404 Not Found in 3ms (Views: 1.8ms | Allocations: 274)


Started GET "/me" for 127.0.0.1 at 2023-03-23 10:04:57 +0300
Processing by UsersController#show as */*
[active_model_serializers] Rendered ActiveModel::Serializer::Null with Hash (0.16ms)
Completed 404 Not Found in 2ms (Views: 1.4ms | Allocations: 274)


Started POST "/login" for 127.0.0.1 at 2023-03-23 10:05:20 +0300
Processing by SessionsController#create as */*
  Parameters: {"username"=>"respect", "password"=>"[FILTERED]", "session"=>{"username"=>"respect", "password"=>"[FILTERED]"}}
  [1m[36mUser Load (0.6ms)[0m  [1m[34mSELECT "users".* FROM "users" WHERE "users"."username" = ? LIMIT ?[0m  [["username", "respect"], ["LIMIT", 1]]
  ↳ app/controllers/sessions_controller.rb:4:in `create'
[active_model_serializers] Rendered UserSerializer with ActiveModelSerializers::Adapter::Attributes (0.22ms)
Completed 200 OK in 322ms (Views: 0.8ms | ActiveRecord: 1.6ms | Allocations: 1004)


Started GET "/me" for 127.0.0.1 at 2023-03-23 10:06:16 +0300
Processing by UsersController#show as */*
  [1m[36mUser Load (0.3ms)[0m  [1m[34mSELECT "users".* FROM "users" WHERE "users"."id" = ? LIMIT ?[0m  [["id", 7], ["LIMIT", 1]]
  ↳ app/controllers/users_controller.rb:14:in `show'
[active_model_serializers] Rendered UserSerializer with ActiveModelSerializers::Adapter::Attributes (0.42ms)
Completed 200 OK in 5ms (Views: 1.6ms | ActiveRecord: 0.3ms | Allocations: 825)


Started GET "/me" for 127.0.0.1 at 2023-03-23 10:06:16 +0300
Processing by UsersController#show as */*
  [1m[36mUser Load (0.2ms)[0m  [1m[34mSELECT "users".* FROM "users" WHERE "users"."id" = ? LIMIT ?[0m  [["id", 7], ["LIMIT", 1]]
  ↳ app/controllers/users_controller.rb:14:in `show'
[active_model_serializers] Rendered UserSerializer with ActiveModelSerializers::Adapter::Attributes (1.9ms)
Completed 200 OK in 6ms (Views: 3.3ms | ActiveRecord: 0.2ms | Allocations: 796)


Started GET "/me" for 127.0.0.1 at 2023-03-23 10:06:22 +0300
Processing by UsersController#show as */*
  [1m[36mUser Load (0.3ms)[0m  [1m[34mSELECT "users".* FROM "users" WHERE "users"."id" = ? LIMIT ?[0m  [["id", 7], ["LIMIT", 1]]
  ↳ app/controllers/users_controller.rb:14:in `show'
[active_model_serializers] Rendered UserSerializer with ActiveModelSerializers::Adapter::Attributes (0.4ms)
Completed 200 OK in 5ms (Views: 1.3ms | ActiveRecord: 0.3ms | Allocations: 784)


Started GET "/me" for 127.0.0.1 at 2023-03-23 10:07:11 +0300
Processing by UsersController#show as */*
  [1m[36mUser Load (0.1ms)[0m  [1m[34mSELECT "users".* FROM "users" WHERE "users"."id" = ? LIMIT ?[0m  [["id", 7], ["LIMIT", 1]]
  ↳ app/controllers/users_controller.rb:14:in `show'
[active_model_serializers] Rendered UserSerializer with ActiveModelSerializers::Adapter::Attributes (0.46ms)
Completed 200 OK in 4ms (Views: 1.3ms | ActiveRecord: 0.1ms | Allocations: 792)


Started GET "/me" for 127.0.0.1 at 2023-03-23 10:07:11 +0300
Processing by UsersController#show as */*
  [1m[36mUser Load (0.2ms)[0m  [1m[34mSELECT "users".* FROM "users" WHERE "users"."id" = ? LIMIT ?[0m  [["id", 7], ["LIMIT", 1]]
  ↳ app/controllers/users_controller.rb:14:in `show'
[active_model_serializers] Rendered UserSerializer with ActiveModelSerializers::Adapter::Attributes (0.45ms)
Completed 200 OK in 8ms (Views: 4.1ms | ActiveRecord: 0.2ms | Allocations: 792)


Started GET "/logout" for 127.0.0.1 at 2023-03-23 10:07:14 +0300
  
ActionController::RoutingError (No route matches [GET] "/logout"):
  
Started GET "/me" for 127.0.0.1 at 2023-03-23 10:07:33 +0300
Processing by UsersController#show as */*
  [1m[36mUser Load (0.2ms)[0m  [1m[34mSELECT "users".* FROM "users" WHERE "users"."id" = ? LIMIT ?[0m  [["id", 7], ["LIMIT", 1]]
  ↳ app/controllers/users_controller.rb:14:in `show'
[active_model_serializers] Rendered UserSerializer with ActiveModelSerializers::Adapter::Attributes (0.45ms)
Completed 200 OK in 59ms (Views: 57.2ms | ActiveRecord: 0.2ms | Allocations: 787)


Started GET "/me" for 127.0.0.1 at 2023-03-23 10:07:33 +0300
Processing by UsersController#show as */*
  [1m[36mUser Load (0.2ms)[0m  [1m[34mSELECT "users".* FROM "users" WHERE "users"."id" = ? LIMIT ?[0m  [["id", 7], ["LIMIT", 1]]
  ↳ app/controllers/users_controller.rb:14:in `show'
[active_model_serializers] Rendered UserSerializer with ActiveModelSerializers::Adapter::Attributes (0.53ms)
Completed 200 OK in 4ms (Views: 1.8ms | ActiveRecord: 0.2ms | Allocations: 788)


Started GET "/logout" for 127.0.0.1 at 2023-03-23 10:08:43 +0300
  
ActionController::RoutingError (No route matches [GET] "/logout"):
  
Started GET "/me" for 127.0.0.1 at 2023-03-23 10:14:47 +0300
Processing by UsersController#show as */*
  [1m[36mUser Load (0.2ms)[0m  [1m[34mSELECT "users".* FROM "users" WHERE "users"."id" = ? LIMIT ?[0m  [["id", 7], ["LIMIT", 1]]
  ↳ app/controllers/users_controller.rb:14:in `show'
[active_model_serializers] Rendered UserSerializer with ActiveModelSerializers::Adapter::Attributes (0.34ms)
Completed 200 OK in 4ms (Views: 0.9ms | ActiveRecord: 0.6ms | Allocations: 925)


Started GET "/me" for 127.0.0.1 at 2023-03-23 10:14:53 +0300
Processing by UsersController#show as */*
  [1m[36mUser Load (0.2ms)[0m  [1m[34mSELECT "users".* FROM "users" WHERE "users"."id" = ? LIMIT ?[0m  [["id", 7], ["LIMIT", 1]]
  ↳ app/controllers/users_controller.rb:14:in `show'
[active_model_serializers] Rendered UserSerializer with ActiveModelSerializers::Adapter::Attributes (0.31ms)
Completed 200 OK in 3ms (Views: 0.8ms | ActiveRecord: 0.2ms | Allocations: 790)


Started GET "/me" for 127.0.0.1 at 2023-03-23 10:15:01 +0300
Processing by UsersController#show as */*
  [1m[36mUser Load (0.1ms)[0m  [1m[34mSELECT "users".* FROM "users" WHERE "users"."id" = ? LIMIT ?[0m  [["id", 7], ["LIMIT", 1]]
  ↳ app/controllers/users_controller.rb:14:in `show'
[active_model_serializers] Rendered UserSerializer with ActiveModelSerializers::Adapter::Attributes (0.58ms)
Completed 200 OK in 3ms (Views: 1.4ms | ActiveRecord: 0.1ms | Allocations: 792)


Started DELETE "/logout" for 127.0.0.1 at 2023-03-23 10:15:13 +0300
Processing by SessionsController#destroy as */*
Completed 500 Internal Server Error in 0ms (ActiveRecord: 0.0ms | Allocations: 97)


  
ArgumentError (wrong number of arguments (given 1, expected 0)):
  
app/controllers/sessions_controller.rb:14:in `destroy'
Started POST "/login" for 127.0.0.1 at 2023-03-23 10:15:28 +0300
Processing by SessionsController#create as */*
  Parameters: {"username"=>"respect", "password"=>"[FILTERED]", "session"=>{"username"=>"respect", "password"=>"[FILTERED]"}}
  [1m[36mUser Load (0.3ms)[0m  [1m[34mSELECT "users".* FROM "users" WHERE "users"."username" = ? LIMIT ?[0m  [["username", "respect"], ["LIMIT", 1]]
  ↳ app/controllers/sessions_controller.rb:4:in `create'
[active_model_serializers] Rendered UserSerializer with ActiveModelSerializers::Adapter::Attributes (0.21ms)
Completed 200 OK in 329ms (Views: 0.7ms | ActiveRecord: 0.3ms | Allocations: 864)


Started DELETE "/logout" for 127.0.0.1 at 2023-03-23 10:15:39 +0300
Processing by SessionsController#destroy as */*
Completed 500 Internal Server Error in 1ms (ActiveRecord: 0.0ms | Allocations: 97)


  
ArgumentError (wrong number of arguments (given 1, expected 0)):
  
app/controllers/sessions_controller.rb:14:in `destroy'
Started POST "/login" for 127.0.0.1 at 2023-03-23 10:17:31 +0300
Processing by SessionsController#create as */*
  Parameters: {"username"=>"respect", "password"=>"[FILTERED]", "session"=>{"username"=>"respect", "password"=>"[FILTERED]"}}
  [1m[36mUser Load (0.2ms)[0m  [1m[34mSELECT "users".* FROM "users" WHERE "users"."username" = ? LIMIT ?[0m  [["username", "respect"], ["LIMIT", 1]]
  ↳ app/controllers/sessions_controller.rb:4:in `create'
[active_model_serializers] Rendered UserSerializer with ActiveModelSerializers::Adapter::Attributes (0.57ms)
Completed 200 OK in 387ms (Views: 1.7ms | ActiveRecord: 0.2ms | Allocations: 828)


Started DELETE "/logout" for 127.0.0.1 at 2023-03-23 10:20:36 +0300
Processing by SessionsController#destroy as */*
Completed 500 Internal Server Error in 0ms (ActiveRecord: 0.0ms | Allocations: 97)


  
ArgumentError (wrong number of arguments (given 1, expected 0)):
  
app/controllers/sessions_controller.rb:14:in `destroy'
Started DELETE "/logout" for 127.0.0.1 at 2023-03-23 10:20:38 +0300
Processing by SessionsController#destroy as */*
Completed 500 Internal Server Error in 0ms (ActiveRecord: 0.0ms | Allocations: 97)


  
ArgumentError (wrong number of arguments (given 1, expected 0)):
  
app/controllers/sessions_controller.rb:14:in `destroy'
Started DELETE "/logout" for 127.0.0.1 at 2023-03-23 10:20:41 +0300
Processing by SessionsController#destroy as */*
Completed 500 Internal Server Error in 0ms (ActiveRecord: 0.0ms | Allocations: 97)


  
ArgumentError (wrong number of arguments (given 1, expected 0)):
  
app/controllers/sessions_controller.rb:14:in `destroy'
Started DELETE "/logout" for 127.0.0.1 at 2023-03-23 10:20:53 +0300
Processing by SessionsController#destroy as */*
Completed 500 Internal Server Error in 0ms (ActiveRecord: 0.0ms | Allocations: 97)


  
ArgumentError (wrong number of arguments (given 1, expected 0)):
  
app/controllers/sessions_controller.rb:14:in `destroy'
Started GET "/me" for 127.0.0.1 at 2023-03-23 10:22:12 +0300
Processing by UsersController#show as */*
  [1m[36mUser Load (0.2ms)[0m  [1m[34mSELECT "users".* FROM "users" WHERE "users"."id" = ? LIMIT ?[0m  [["id", 7], ["LIMIT", 1]]
  ↳ app/controllers/users_controller.rb:14:in `show'
[active_model_serializers] Rendered UserSerializer with ActiveModelSerializers::Adapter::Attributes (0.49ms)
Completed 200 OK in 5ms (Views: 1.7ms | ActiveRecord: 0.2ms | Allocations: 785)


Started GET "/me" for 127.0.0.1 at 2023-03-23 10:22:12 +0300
Processing by UsersController#show as */*
  [1m[36mUser Load (0.2ms)[0m  [1m[34mSELECT "users".* FROM "users" WHERE "users"."id" = ? LIMIT ?[0m  [["id", 7], ["LIMIT", 1]]
  ↳ app/controllers/users_controller.rb:14:in `show'
[active_model_serializers] Rendered UserSerializer with ActiveModelSerializers::Adapter::Attributes (0.62ms)
Completed 200 OK in 5ms (Views: 1.8ms | ActiveRecord: 0.2ms | Allocations: 786)


Started GET "/me" for 127.0.0.1 at 2023-03-23 10:22:26 +0300
Processing by UsersController#show as */*
  [1m[36mUser Load (0.2ms)[0m  [1m[34mSELECT "users".* FROM "users" WHERE "users"."id" = ? LIMIT ?[0m  [["id", 7], ["LIMIT", 1]]
  ↳ app/controllers/users_controller.rb:14:in `show'
[active_model_serializers] Rendered UserSerializer with ActiveModelSerializers::Adapter::Attributes (0.42ms)
Completed 200 OK in 5ms (Views: 1.5ms | ActiveRecord: 0.2ms | Allocations: 792)


Started GET "/me" for 127.0.0.1 at 2023-03-23 10:22:26 +0300
Processing by UsersController#show as */*
  [1m[36mUser Load (0.2ms)[0m  [1m[34mSELECT "users".* FROM "users" WHERE "users"."id" = ? LIMIT ?[0m  [["id", 7], ["LIMIT", 1]]
  ↳ app/controllers/users_controller.rb:14:in `show'
[active_model_serializers] Rendered UserSerializer with ActiveModelSerializers::Adapter::Attributes (0.4ms)
Completed 200 OK in 3ms (Views: 1.1ms | ActiveRecord: 0.2ms | Allocations: 792)


Started GET "/me" for 127.0.0.1 at 2023-03-23 10:22:44 +0300
Processing by UsersController#show as */*
  [1m[36mUser Load (0.2ms)[0m  [1m[34mSELECT "users".* FROM "users" WHERE "users"."id" = ? LIMIT ?[0m  [["id", 7], ["LIMIT", 1]]
  ↳ app/controllers/users_controller.rb:14:in `show'
[active_model_serializers] Rendered UserSerializer with ActiveModelSerializers::Adapter::Attributes (0.41ms)
Completed 200 OK in 4ms (Views: 1.5ms | ActiveRecord: 0.2ms | Allocations: 792)


Started GET "/me" for 127.0.0.1 at 2023-03-23 10:22:44 +0300
Processing by UsersController#show as */*
  [1m[36mUser Load (0.2ms)[0m  [1m[34mSELECT "users".* FROM "users" WHERE "users"."id" = ? LIMIT ?[0m  [["id", 7], ["LIMIT", 1]]
  ↳ app/controllers/users_controller.rb:14:in `show'
[active_model_serializers] Rendered UserSerializer with ActiveModelSerializers::Adapter::Attributes (0.46ms)
Completed 200 OK in 4ms (Views: 1.4ms | ActiveRecord: 0.2ms | Allocations: 792)


Started DELETE "/logout" for 127.0.0.1 at 2023-03-23 10:23:08 +0300
Processing by SessionsController#destroy as */*
Completed 500 Internal Server Error in 0ms (ActiveRecord: 0.0ms | Allocations: 97)


  
ArgumentError (wrong number of arguments (given 1, expected 0)):
  
app/controllers/sessions_controller.rb:14:in `destroy'
Started POST "/login" for 127.0.0.1 at 2023-03-23 10:24:03 +0300
Processing by SessionsController#create as */*
  Parameters: {"username"=>"respect", "password"=>"[FILTERED]", "session"=>{"username"=>"respect", "password"=>"[FILTERED]"}}
  [1m[36mUser Load (0.2ms)[0m  [1m[34mSELECT "users".* FROM "users" WHERE "users"."username" = ? LIMIT ?[0m  [["username", "respect"], ["LIMIT", 1]]
  ↳ app/controllers/sessions_controller.rb:4:in `create'
[active_model_serializers] Rendered ActiveModel::Serializer::Null with Hash (0.07ms)
Completed 422 Unprocessable Entity in 316ms (Views: 0.5ms | ActiveRecord: 0.2ms | Allocations: 630)


Started POST "/login" for 127.0.0.1 at 2023-03-23 10:24:11 +0300
Processing by SessionsController#create as */*
  Parameters: {"username"=>"respect", "password"=>"[FILTERED]", "session"=>{"username"=>"respect", "password"=>"[FILTERED]"}}
  [1m[36mUser Load (0.3ms)[0m  [1m[34mSELECT "users".* FROM "users" WHERE "users"."username" = ? LIMIT ?[0m  [["username", "respect"], ["LIMIT", 1]]
  ↳ app/controllers/sessions_controller.rb:4:in `create'
[active_model_serializers] Rendered UserSerializer with ActiveModelSerializers::Adapter::Attributes (0.22ms)
Completed 200 OK in 311ms (Views: 0.7ms | ActiveRecord: 0.3ms | Allocations: 834)


Started DELETE "/logout" for 127.0.0.1 at 2023-03-23 10:24:18 +0300
Processing by SessionsController#destroy as */*
Completed 500 Internal Server Error in 0ms (ActiveRecord: 0.0ms | Allocations: 97)


  
ArgumentError (wrong number of arguments (given 1, expected 0)):
  
app/controllers/sessions_controller.rb:14:in `destroy'
Started DELETE "/logout" for 127.0.0.1 at 2023-03-23 10:25:07 +0300
Processing by SessionsController#destroy as */*
Completed 500 Internal Server Error in 0ms (ActiveRecord: 0.0ms | Allocations: 97)


  
ArgumentError (wrong number of arguments (given 1, expected 0)):
  
app/controllers/sessions_controller.rb:14:in `destroy'
Started DELETE "/logout" for 127.0.0.1 at 2023-03-23 10:25:09 +0300
Processing by SessionsController#destroy as */*
Completed 500 Internal Server Error in 0ms (ActiveRecord: 0.0ms | Allocations: 97)


  
ArgumentError (wrong number of arguments (given 1, expected 0)):
  
app/controllers/sessions_controller.rb:14:in `destroy'
Started DELETE "/logout" for 127.0.0.1 at 2023-03-23 10:27:03 +0300
Processing by SessionsController#destroy as */*
Completed 204 No Content in 2ms (Allocations: 190)


Started GET "/me" for 127.0.0.1 at 2023-03-23 10:27:46 +0300
Processing by UsersController#show as */*
[active_model_serializers] Rendered ActiveModel::Serializer::Null with Hash (0.08ms)
Completed 404 Not Found in 8ms (Views: 0.9ms | ActiveRecord: 1.3ms | Allocations: 1373)


Started GET "/me" for 127.0.0.1 at 2023-03-23 10:27:46 +0300
Processing by UsersController#show as */*
[active_model_serializers] Rendered ActiveModel::Serializer::Null with Hash (0.12ms)
Completed 404 Not Found in 3ms (Views: 2.0ms | ActiveRecord: 0.0ms | Allocations: 359)


Started POST "/login" for 127.0.0.1 at 2023-03-23 10:27:58 +0300
Processing by SessionsController#create as */*
  Parameters: {"username"=>"respect", "password"=>"[FILTERED]", "session"=>{"username"=>"respect", "password"=>"[FILTERED]"}}
  [1m[36mUser Load (0.1ms)[0m  [1m[34mSELECT "users".* FROM "users" WHERE "users"."username" = ? LIMIT ?[0m  [["username", "respect"], ["LIMIT", 1]]
  ↳ app/controllers/sessions_controller.rb:4:in `create'
[active_model_serializers] Rendered UserSerializer with ActiveModelSerializers::Adapter::Attributes (0.23ms)
Completed 200 OK in 307ms (Views: 1.5ms | ActiveRecord: 0.4ms | Allocations: 2623)


Started DELETE "/logout" for 127.0.0.1 at 2023-03-23 10:28:04 +0300
Processing by SessionsController#destroy as */*
Completed 204 No Content in 0ms (ActiveRecord: 0.0ms | Allocations: 172)


Started POST "/login" for 127.0.0.1 at 2023-03-23 10:28:14 +0300
Processing by SessionsController#create as */*
  Parameters: {"username"=>"respect", "password"=>"[FILTERED]", "session"=>{"username"=>"respect", "password"=>"[FILTERED]"}}
  [1m[36mUser Load (0.4ms)[0m  [1m[34mSELECT "users".* FROM "users" WHERE "users"."username" = ? LIMIT ?[0m  [["username", "respect"], ["LIMIT", 1]]
  ↳ app/controllers/sessions_controller.rb:4:in `create'
[active_model_serializers] Rendered UserSerializer with ActiveModelSerializers::Adapter::Attributes (0.25ms)
Completed 200 OK in 334ms (Views: 1.0ms | ActiveRecord: 0.4ms | Allocations: 827)


Started DELETE "/logout" for 127.0.0.1 at 2023-03-23 10:28:21 +0300
Processing by SessionsController#destroy as */*
Completed 204 No Content in 1ms (ActiveRecord: 0.0ms | Allocations: 174)


Started GET "/me" for 127.0.0.1 at 2023-03-23 10:29:50 +0300
Processing by UsersController#show as */*
[active_model_serializers] Rendered ActiveModel::Serializer::Null with Hash (0.06ms)
Completed 404 Not Found in 1ms (Views: 0.5ms | ActiveRecord: 0.0ms | Allocations: 355)


Started GET "/me" for 127.0.0.1 at 2023-03-23 10:31:07 +0300
Processing by UsersController#show as */*
[active_model_serializers] Rendered ActiveModel::Serializer::Null with Hash (0.12ms)
Completed 404 Not Found in 2ms (Views: 1.2ms | ActiveRecord: 0.0ms | Allocations: 363)


Started GET "/me" for 127.0.0.1 at 2023-03-23 10:31:07 +0300
Processing by UsersController#show as */*
[active_model_serializers] Rendered ActiveModel::Serializer::Null with Hash (0.12ms)
Completed 404 Not Found in 2ms (Views: 1.2ms | ActiveRecord: 0.0ms | Allocations: 363)


Started POST "/login" for 127.0.0.1 at 2023-03-23 10:31:31 +0300
Processing by SessionsController#create as */*
  Parameters: {"username"=>"respect", "password"=>"[FILTERED]", "session"=>{"username"=>"respect", "password"=>"[FILTERED]"}}
  [1m[36mUser Load (0.2ms)[0m  [1m[34mSELECT "users".* FROM "users" WHERE "users"."username" = ? LIMIT ?[0m  [["username", "respect"], ["LIMIT", 1]]
  ↳ app/controllers/sessions_controller.rb:4:in `create'
[active_model_serializers] Rendered UserSerializer with ActiveModelSerializers::Adapter::Attributes (0.23ms)
Completed 200 OK in 323ms (Views: 0.7ms | ActiveRecord: 0.2ms | Allocations: 825)


Started GET "/me" for 127.0.0.1 at 2023-03-23 10:34:55 +0300
Processing by UsersController#show as */*
  [1m[36mUser Load (0.2ms)[0m  [1m[34mSELECT "users".* FROM "users" WHERE "users"."id" = ? LIMIT ?[0m  [["id", 7], ["LIMIT", 1]]
  ↳ app/controllers/users_controller.rb:14:in `show'
[active_model_serializers] Rendered UserSerializer with ActiveModelSerializers::Adapter::Attributes (0.23ms)
Completed 200 OK in 3ms (Views: 0.7ms | ActiveRecord: 0.2ms | Allocations: 923)


Started GET "/me" for 127.0.0.1 at 2023-03-23 10:35:00 +0300
Processing by UsersController#show as */*
  [1m[36mUser Load (0.2ms)[0m  [1m[34mSELECT "users".* FROM "users" WHERE "users"."id" = ? LIMIT ?[0m  [["id", 7], ["LIMIT", 1]]
  ↳ app/controllers/users_controller.rb:14:in `show'
[active_model_serializers] Rendered UserSerializer with ActiveModelSerializers::Adapter::Attributes (0.35ms)
Completed 200 OK in 3ms (Views: 1.0ms | ActiveRecord: 0.2ms | Allocations: 798)


Started GET "/me" for 127.0.0.1 at 2023-03-23 10:35:04 +0300
Processing by UsersController#show as */*
  [1m[36mUser Load (0.1ms)[0m  [1m[34mSELECT "users".* FROM "users" WHERE "users"."id" = ? LIMIT ?[0m  [["id", 7], ["LIMIT", 1]]
  ↳ app/controllers/users_controller.rb:14:in `show'
[active_model_serializers] Rendered UserSerializer with ActiveModelSerializers::Adapter::Attributes (0.25ms)
Completed 200 OK in 3ms (Views: 0.8ms | ActiveRecord: 0.1ms | Allocations: 788)


Started GET "/me" for 127.0.0.1 at 2023-03-23 10:35:07 +0300
Processing by UsersController#show as */*
  [1m[36mUser Load (0.2ms)[0m  [1m[34mSELECT "users".* FROM "users" WHERE "users"."id" = ? LIMIT ?[0m  [["id", 7], ["LIMIT", 1]]
  ↳ app/controllers/users_controller.rb:14:in `show'
[active_model_serializers] Rendered UserSerializer with ActiveModelSerializers::Adapter::Attributes (0.38ms)
Completed 200 OK in 3ms (Views: 1.0ms | ActiveRecord: 0.2ms | Allocations: 788)


Started GET "/me" for 127.0.0.1 at 2023-03-23 10:38:52 +0300
Processing by UsersController#show as */*
  [1m[36mUser Load (0.1ms)[0m  [1m[34mSELECT "users".* FROM "users" WHERE "users"."id" = ? LIMIT ?[0m  [["id", 7], ["LIMIT", 1]]
  ↳ app/controllers/users_controller.rb:14:in `show'
[active_model_serializers] Rendered UserSerializer with ActiveModelSerializers::Adapter::Attributes (0.25ms)
Completed 200 OK in 3ms (Views: 0.9ms | ActiveRecord: 0.1ms | Allocations: 795)


Started GET "/me" for 127.0.0.1 at 2023-03-23 10:38:52 +0300
Processing by UsersController#show as */*
  [1m[36mUser Load (0.3ms)[0m  [1m[34mSELECT "users".* FROM "users" WHERE "users"."id" = ? LIMIT ?[0m  [["id", 7], ["LIMIT", 1]]
  ↳ app/controllers/users_controller.rb:14:in `show'
[active_model_serializers] Rendered UserSerializer with ActiveModelSerializers::Adapter::Attributes (5.46ms)
Completed 200 OK in 24ms (Views: 6.5ms | ActiveRecord: 0.3ms | Allocations: 796)


Started GET "/me" for 127.0.0.1 at 2023-03-23 10:40:18 +0300
Processing by UsersController#show as */*
  [1m[36mUser Load (0.2ms)[0m  [1m[34mSELECT "users".* FROM "users" WHERE "users"."id" = ? LIMIT ?[0m  [["id", 7], ["LIMIT", 1]]
  ↳ app/controllers/users_controller.rb:14:in `show'
[active_model_serializers] Rendered UserSerializer with ActiveModelSerializers::Adapter::Attributes (0.46ms)
Completed 200 OK in 5ms (Views: 1.6ms | ActiveRecord: 0.2ms | Allocations: 794)


Started GET "/me" for 127.0.0.1 at 2023-03-23 10:40:18 +0300
Processing by UsersController#show as */*
  [1m[36mUser Load (0.2ms)[0m  [1m[34mSELECT "users".* FROM "users" WHERE "users"."id" = ? LIMIT ?[0m  [["id", 7], ["LIMIT", 1]]
  ↳ app/controllers/users_controller.rb:14:in `show'
[active_model_serializers] Rendered UserSerializer with ActiveModelSerializers::Adapter::Attributes (0.36ms)
Completed 200 OK in 5ms (Views: 1.1ms | ActiveRecord: 0.2ms | Allocations: 794)


Started DELETE "/logout" for 127.0.0.1 at 2023-03-23 10:41:44 +0300
Processing by SessionsController#destroy as */*
Completed 204 No Content in 0ms (ActiveRecord: 0.0ms | Allocations: 180)


Started POST "/login" for 127.0.0.1 at 2023-03-23 10:41:52 +0300
Processing by SessionsController#create as */*
  Parameters: {"username"=>"respect", "password"=>"[FILTERED]", "session"=>{"username"=>"respect", "password"=>"[FILTERED]"}}
  [1m[36mUser Load (0.3ms)[0m  [1m[34mSELECT "users".* FROM "users" WHERE "users"."username" = ? LIMIT ?[0m  [["username", "respect"], ["LIMIT", 1]]
  ↳ app/controllers/sessions_controller.rb:4:in `create'
[active_model_serializers] Rendered UserSerializer with ActiveModelSerializers::Adapter::Attributes (0.23ms)
Completed 200 OK in 322ms (Views: 0.8ms | ActiveRecord: 0.3ms | Allocations: 821)


Started DELETE "/logout" for 127.0.0.1 at 2023-03-23 10:41:57 +0300
Processing by SessionsController#destroy as */*
Completed 204 No Content in 1ms (ActiveRecord: 0.0ms | Allocations: 184)


Started POST "/login" for 127.0.0.1 at 2023-03-23 10:42:14 +0300
Processing by SessionsController#create as */*
  Parameters: {"username"=>"respect", "password"=>"[FILTERED]", "session"=>{"username"=>"respect", "password"=>"[FILTERED]"}}
  [1m[36mUser Load (0.1ms)[0m  [1m[34mSELECT "users".* FROM "users" WHERE "users"."username" = ? LIMIT ?[0m  [["username", "respect"], ["LIMIT", 1]]
  ↳ app/controllers/sessions_controller.rb:4:in `create'
[active_model_serializers] Rendered UserSerializer with ActiveModelSerializers::Adapter::Attributes (0.24ms)
Completed 200 OK in 314ms (Views: 0.8ms | ActiveRecord: 0.1ms | Allocations: 829)


Started DELETE "/logout" for 127.0.0.1 at 2023-03-23 10:42:18 +0300
Processing by SessionsController#destroy as */*
Completed 204 No Content in 1ms (ActiveRecord: 0.0ms | Allocations: 172)


Started POST "/login" for 127.0.0.1 at 2023-03-23 10:42:28 +0300
Processing by SessionsController#create as */*
  Parameters: {"username"=>"respect", "password"=>"[FILTERED]", "session"=>{"username"=>"respect", "password"=>"[FILTERED]"}}
  [1m[36mUser Load (0.3ms)[0m  [1m[34mSELECT "users".* FROM "users" WHERE "users"."username" = ? LIMIT ?[0m  [["username", "respect"], ["LIMIT", 1]]
  ↳ app/controllers/sessions_controller.rb:4:in `create'
[active_model_serializers] Rendered ActiveModel::Serializer::Null with Hash (0.07ms)
Completed 422 Unprocessable Entity in 327ms (Views: 0.5ms | ActiveRecord: 0.3ms | Allocations: 630)


Started POST "/login" for 127.0.0.1 at 2023-03-23 10:42:37 +0300
Processing by SessionsController#create as */*
  Parameters: {"username"=>"respect", "password"=>"[FILTERED]", "session"=>{"username"=>"respect", "password"=>"[FILTERED]"}}
  [1m[36mUser Load (0.1ms)[0m  [1m[34mSELECT "users".* FROM "users" WHERE "users"."username" = ? LIMIT ?[0m  [["username", "respect"], ["LIMIT", 1]]
  ↳ app/controllers/sessions_controller.rb:4:in `create'
[active_model_serializers] Rendered UserSerializer with ActiveModelSerializers::Adapter::Attributes (0.21ms)
Completed 200 OK in 302ms (Views: 0.7ms | ActiveRecord: 0.1ms | Allocations: 828)


Started DELETE "/logout" for 127.0.0.1 at 2023-03-23 10:42:40 +0300
Processing by SessionsController#destroy as */*
Completed 204 No Content in 0ms (ActiveRecord: 0.0ms | Allocations: 180)


Started GET "/me" for 127.0.0.1 at 2023-03-23 11:04:50 +0300
  [1m[36mActiveRecord::SchemaMigration Pluck (0.3ms)[0m  [1m[34mSELECT "schema_migrations"."version" FROM "schema_migrations" ORDER BY "schema_migrations"."version" ASC[0m
Processing by UsersController#show as */*
[active_model_serializers] Rendered ActiveModel::Serializer::Null with Hash (0.2ms)
Completed 404 Not Found in 97ms (Views: 39.5ms | ActiveRecord: 0.7ms | Allocations: 22823)


Started GET "/me" for 127.0.0.1 at 2023-03-23 11:04:51 +0300
Processing by UsersController#show as */*
[active_model_serializers] Rendered ActiveModel::Serializer::Null with Hash (0.16ms)
Completed 404 Not Found in 3ms (Views: 1.4ms | ActiveRecord: 0.0ms | Allocations: 373)


Started POST "/login" for 127.0.0.1 at 2023-03-23 11:04:59 +0300
Processing by SessionsController#create as */*
  Parameters: {"username"=>"respect", "password"=>"[FILTERED]", "session"=>{"username"=>"respect", "password"=>"[FILTERED]"}}
  [1m[36mUser Load (0.2ms)[0m  [1m[34mSELECT "users".* FROM "users" WHERE "users"."username" = ? LIMIT ?[0m  [["username", "respect"], ["LIMIT", 1]]
  ↳ app/controllers/sessions_controller.rb:4:in `create'
[active_model_serializers] Rendered UserSerializer with ActiveModelSerializers::Adapter::Attributes (1.93ms)
Completed 200 OK in 400ms (Views: 31.4ms | ActiveRecord: 0.8ms | Allocations: 19005)


Started GET "/me" for 127.0.0.1 at 2023-03-23 11:05:41 +0300
Processing by UsersController#show as */*
  [1m[36mUser Load (0.2ms)[0m  [1m[34mSELECT "users".* FROM "users" WHERE "users"."id" = ? LIMIT ?[0m  [["id", 7], ["LIMIT", 1]]
  ↳ app/controllers/users_controller.rb:14:in `show'
[active_model_serializers] Rendered UserSerializer with ActiveModelSerializers::Adapter::Attributes (0.27ms)
Completed 200 OK in 4ms (Views: 0.9ms | ActiveRecord: 0.2ms | Allocations: 920)


Started GET "/me" for 127.0.0.1 at 2023-03-23 11:05:41 +0300
Processing by UsersController#show as */*
  [1m[36mUser Load (0.5ms)[0m  [1m[34mSELECT "users".* FROM "users" WHERE "users"."id" = ? LIMIT ?[0m  [["id", 7], ["LIMIT", 1]]
  ↳ app/controllers/users_controller.rb:14:in `show'
[active_model_serializers] Rendered UserSerializer with ActiveModelSerializers::Adapter::Attributes (0.29ms)
Completed 200 OK in 4ms (Views: 0.9ms | ActiveRecord: 0.5ms | Allocations: 796)


Started GET "/me" for 127.0.0.1 at 2023-03-23 11:05:44 +0300
Processing by UsersController#show as */*
  [1m[36mUser Load (0.2ms)[0m  [1m[34mSELECT "users".* FROM "users" WHERE "users"."id" = ? LIMIT ?[0m  [["id", 7], ["LIMIT", 1]]
  ↳ app/controllers/users_controller.rb:14:in `show'
[active_model_serializers] Rendered UserSerializer with ActiveModelSerializers::Adapter::Attributes (0.79ms)
Completed 200 OK in 6ms (Views: 2.3ms | ActiveRecord: 0.2ms | Allocations: 780)


Started GET "/me" for 127.0.0.1 at 2023-03-23 11:05:44 +0300
Processing by UsersController#show as */*
  [1m[36mUser Load (0.3ms)[0m  [1m[34mSELECT "users".* FROM "users" WHERE "users"."id" = ? LIMIT ?[0m  [["id", 7], ["LIMIT", 1]]
  ↳ app/controllers/users_controller.rb:14:in `show'
[active_model_serializers] Rendered UserSerializer with ActiveModelSerializers::Adapter::Attributes (0.6ms)
Completed 200 OK in 9ms (Views: 2.3ms | ActiveRecord: 0.3ms | Allocations: 797)


Started GET "/me" for 127.0.0.1 at 2023-03-23 11:05:45 +0300
Processing by UsersController#show as */*
  [1m[36mUser Load (0.1ms)[0m  [1m[34mSELECT "users".* FROM "users" WHERE "users"."id" = ? LIMIT ?[0m  [["id", 7], ["LIMIT", 1]]
  ↳ app/controllers/users_controller.rb:14:in `show'
[active_model_serializers] Rendered UserSerializer with ActiveModelSerializers::Adapter::Attributes (0.28ms)
Completed 200 OK in 3ms (Views: 1.2ms | ActiveRecord: 0.1ms | Allocations: 784)


Started GET "/me" for 127.0.0.1 at 2023-03-23 11:05:45 +0300
Processing by UsersController#show as */*
  [1m[36mUser Load (0.2ms)[0m  [1m[34mSELECT "users".* FROM "users" WHERE "users"."id" = ? LIMIT ?[0m  [["id", 7], ["LIMIT", 1]]
  ↳ app/controllers/users_controller.rb:14:in `show'
[active_model_serializers] Rendered UserSerializer with ActiveModelSerializers::Adapter::Attributes (0.35ms)
Completed 200 OK in 5ms (Views: 1.4ms | ActiveRecord: 0.2ms | Allocations: 799)


Started DELETE "/logout" for 127.0.0.1 at 2023-03-23 11:06:23 +0300
Processing by SessionsController#destroy as */*
Completed 204 No Content in 0ms (ActiveRecord: 0.0ms | Allocations: 179)


  [1m[36mActiveRecord::SchemaMigration Pluck (0.2ms)[0m  [1m[34mSELECT "schema_migrations"."version" FROM "schema_migrations" ORDER BY "schema_migrations"."version" ASC[0m
  [1m[36mActiveRecord::InternalMetadata Load (0.2ms)[0m  [1m[34mSELECT "ar_internal_metadata".* FROM "ar_internal_metadata" WHERE "ar_internal_metadata"."key" = ? LIMIT ?[0m  [["key", "environment"], ["LIMIT", 1]]
  [1m[36mActiveRecord::SchemaMigration Pluck (0.1ms)[0m  [1m[34mSELECT "schema_migrations"."version" FROM "schema_migrations" ORDER BY "schema_migrations"."version" ASC[0m
  [1m[36mActiveRecord::SchemaMigration Pluck (0.1ms)[0m  [1m[34mSELECT "schema_migrations"."version" FROM "schema_migrations" ORDER BY "schema_migrations"."version" ASC[0m
Started GET "/me" for 127.0.0.1 at 2023-04-01 08:31:29 +0300
  [1m[36mActiveRecord::SchemaMigration Pluck (0.2ms)[0m  [1m[34mSELECT "schema_migrations"."version" FROM "schema_migrations" ORDER BY "schema_migrations"."version" ASC[0m
Processing by UsersController#show as */*
[active_model_serializers] Rendered ActiveModel::Serializer::Null with Hash (0.14ms)
Completed 404 Not Found in 64ms (Views: 14.6ms | ActiveRecord: 0.7ms | Allocations: 22722)


Started GET "/me" for 127.0.0.1 at 2023-04-01 08:31:29 +0300
Processing by UsersController#show as */*
[active_model_serializers] Rendered ActiveModel::Serializer::Null with Hash (0.12ms)
Completed 404 Not Found in 2ms (Views: 0.8ms | ActiveRecord: 0.0ms | Allocations: 284)


Started POST "/login" for 127.0.0.1 at 2023-04-01 08:31:44 +0300
Processing by SessionsController#create as */*
  Parameters: {"username"=>"yed", "password"=>"[FILTERED]", "session"=>{"username"=>"yed", "password"=>"[FILTERED]"}}
  [1m[36mUser Load (0.4ms)[0m  [1m[34mSELECT "users".* FROM "users" WHERE "users"."username" = ? LIMIT ?[0m  [["username", "yed"], ["LIMIT", 1]]
  ↳ app/controllers/sessions_controller.rb:4:in `create'
[active_model_serializers] Rendered ActiveModel::Serializer::Null with Hash (0.18ms)
Completed 422 Unprocessable Entity in 7ms (Views: 1.0ms | ActiveRecord: 0.7ms | Allocations: 1201)


Started POST "/signup" for 127.0.0.1 at 2023-04-01 08:31:59 +0300
Processing by UsersController#create as */*
  Parameters: {"username"=>"EllaMeKen", "email"=>"len@yahoo.com", "password"=>"[FILTERED]", "password_confirmation"=>"[FILTERED]", "user"=>{"username"=>"EllaMeKen", "email"=>"len@yahoo.com"}}
[31mUnpermitted parameter: :user. Context: { controller: UsersController, action: create, request: #<ActionDispatch::Request:0x0000561849b12940>, params: {"username"=>"EllaMeKen", "email"=>"len@yahoo.com", "password"=>"[FILTERED]", "password_confirmation"=>"[FILTERED]", "controller"=>"users", "action"=>"create", "user"=>{"username"=>"EllaMeKen", "email"=>"len@yahoo.com"}} }[0m
  [1m[36mTRANSACTION (0.1ms)[0m  [1m[36mbegin transaction[0m
  ↳ app/controllers/users_controller.rb:7:in `create'
  [1m[36mUser Exists? (0.2ms)[0m  [1m[34mSELECT 1 AS one FROM "users" WHERE "users"."username" = ? LIMIT ?[0m  [["username", "EllaMeKen"], ["LIMIT", 1]]
  ↳ app/controllers/users_controller.rb:7:in `create'
  [1m[36mUser Exists? (0.1ms)[0m  [1m[34mSELECT 1 AS one FROM "users" WHERE "users"."email" = ? LIMIT ?[0m  [["email", "len@yahoo.com"], ["LIMIT", 1]]
  ↳ app/controllers/users_controller.rb:7:in `create'
  [1m[36mUser Create (0.3ms)[0m  [1m[32mINSERT INTO "users" ("username", "password_digest", "email", "created_at", "updated_at") VALUES (?, ?, ?, ?, ?)[0m  [["username", "EllaMeKen"], ["password_digest", "[FILTERED]"], ["email", "len@yahoo.com"], ["created_at", "2023-04-01 05:31:59.841656"], ["updated_at", "2023-04-01 05:31:59.841656"]]
  ↳ app/controllers/users_controller.rb:7:in `create'
  [1m[36mTRANSACTION (73.5ms)[0m  [1m[36mcommit transaction[0m
  ↳ app/controllers/users_controller.rb:7:in `create'
[active_model_serializers] Rendered UserSerializer with ActiveModelSerializers::Adapter::Attributes (0.76ms)
Completed 200 OK in 503ms (Views: 82.8ms | ActiveRecord: 74.2ms | Allocations: 21518)


Started DELETE "/logout" for 127.0.0.1 at 2023-04-01 08:32:01 +0300
Processing by SessionsController#destroy as */*
Completed 204 No Content in 1ms (ActiveRecord: 0.0ms | Allocations: 192)


  [1m[36mActiveRecord::SchemaMigration Pluck (0.1ms)[0m  [1m[34mSELECT "schema_migrations"."version" FROM "schema_migrations" ORDER BY "schema_migrations"."version" ASC[0m
  [1m[36mActiveRecord::InternalMetadata Load (0.2ms)[0m  [1m[34mSELECT "ar_internal_metadata".* FROM "ar_internal_metadata" WHERE "ar_internal_metadata"."key" = ? LIMIT ?[0m  [["key", "environment"], ["LIMIT", 1]]
  [1m[36mActiveRecord::SchemaMigration Pluck (0.1ms)[0m  [1m[34mSELECT "schema_migrations"."version" FROM "schema_migrations" ORDER BY "schema_migrations"."version" ASC[0m
  [1m[36mActiveRecord::SchemaMigration Pluck (0.1ms)[0m  [1m[34mSELECT "schema_migrations"."version" FROM "schema_migrations" ORDER BY "schema_migrations"."version" ASC[0m
Started GET "/me" for 127.0.0.1 at 2023-04-01 09:10:25 +0300
  [1m[36mActiveRecord::SchemaMigration Pluck (0.4ms)[0m  [1m[34mSELECT "schema_migrations"."version" FROM "schema_migrations" ORDER BY "schema_migrations"."version" ASC[0m
Processing by UsersController#show as */*
[active_model_serializers] Rendered ActiveModel::Serializer::Null with Hash (0.22ms)
Completed 404 Not Found in 123ms (Views: 22.6ms | ActiveRecord: 0.9ms | Allocations: 22809)


Started GET "/me" for 127.0.0.1 at 2023-04-01 09:10:25 +0300
Processing by UsersController#show as */*
[active_model_serializers] Rendered ActiveModel::Serializer::Null with Hash (0.12ms)
Completed 404 Not Found in 6ms (Views: 1.1ms | ActiveRecord: 0.0ms | Allocations: 365)


Started POST "/login" for 127.0.0.1 at 2023-04-01 09:10:34 +0300
Processing by SessionsController#create as */*
  Parameters: {"username"=>"EllaMeKen", "password"=>"[FILTERED]", "session"=>{"username"=>"EllaMeKen", "password"=>"[FILTERED]"}}
  [1m[36mUser Load (26.4ms)[0m  [1m[34mSELECT "users".* FROM "users" WHERE "users"."username" = ? LIMIT ?[0m  [["username", "EllaMeKen"], ["LIMIT", 1]]
  ↳ app/controllers/sessions_controller.rb:4:in `create'
[active_model_serializers] Rendered UserSerializer with ActiveModelSerializers::Adapter::Attributes (0.34ms)
Completed 200 OK in 669ms (Views: 34.5ms | ActiveRecord: 27.4ms | Allocations: 19005)


Started DELETE "/logout" for 127.0.0.1 at 2023-04-01 09:10:37 +0300
Processing by SessionsController#destroy as */*
Completed 204 No Content in 1ms (ActiveRecord: 0.0ms | Allocations: 184)


Started POST "/login" for 127.0.0.1 at 2023-04-01 09:10:45 +0300
Processing by SessionsController#create as */*
  Parameters: {"username"=>"fa", "password"=>"[FILTERED]", "session"=>{"username"=>"fa", "password"=>"[FILTERED]"}}
  [1m[36mUser Load (0.3ms)[0m  [1m[34mSELECT "users".* FROM "users" WHERE "users"."username" = ? LIMIT ?[0m  [["username", "fa"], ["LIMIT", 1]]
  ↳ app/controllers/sessions_controller.rb:4:in `create'
[active_model_serializers] Rendered ActiveModel::Serializer::Null with Hash (0.27ms)
Completed 422 Unprocessable Entity in 6ms (Views: 2.1ms | ActiveRecord: 0.3ms | Allocations: 609)


Started GET "/me" for 127.0.0.1 at 2023-04-01 09:45:11 +0300
  [1m[36mActiveRecord::SchemaMigration Pluck (0.2ms)[0m  [1m[34mSELECT "schema_migrations"."version" FROM "schema_migrations" ORDER BY "schema_migrations"."version" ASC[0m
Processing by UsersController#show as */*
[active_model_serializers] Rendered ActiveModel::Serializer::Null with Hash (0.14ms)
Completed 404 Not Found in 169ms (Views: 2.2ms | ActiveRecord: 0.8ms | Allocations: 22808)


Started GET "/me" for 127.0.0.1 at 2023-04-01 09:45:11 +0300
Processing by UsersController#show as */*
[active_model_serializers] Rendered ActiveModel::Serializer::Null with Hash (0.12ms)
Completed 404 Not Found in 3ms (Views: 1.1ms | ActiveRecord: 0.0ms | Allocations: 365)


Started POST "/login" for 127.0.0.1 at 2023-04-01 09:45:17 +0300
Processing by SessionsController#create as */*
  Parameters: {"username"=>"EllaMeKen", "password"=>"[FILTERED]", "session"=>{"username"=>"EllaMeKen", "password"=>"[FILTERED]"}}
  [1m[36mUser Load (0.2ms)[0m  [1m[34mSELECT "users".* FROM "users" WHERE "users"."username" = ? LIMIT ?[0m  [["username", "EllaMeKen"], ["LIMIT", 1]]
  ↳ app/controllers/sessions_controller.rb:4:in `create'
[active_model_serializers] Rendered UserSerializer with ActiveModelSerializers::Adapter::Attributes (0.33ms)
Completed 200 OK in 387ms (Views: 7.0ms | ActiveRecord: 0.8ms | Allocations: 19013)


Started DELETE "/logout" for 127.0.0.1 at 2023-04-01 09:45:18 +0300
Processing by SessionsController#destroy as */*
Completed 204 No Content in 1ms (ActiveRecord: 0.0ms | Allocations: 182)


